Log file open, 05/30/20 00:29:16
LogPlatformFile: Not using cached read wrapper
LogTaskGraph: Started task graph with 4 named threads and 5 total threads with 1 sets of task threads.
LogICUInternationalization: ICU TimeZone Detection - Raw Offset: +8:00, Platform Override: ''
LogInit: Build: ++UE4+Release-4.25-CL-0
LogInit: Engine Version: 4.25.1-0+++UE4+Release-4.25
LogInit: Compatible Engine Version: 4.25.0-0+++UE4+Release-4.25
LogInit: Net CL: 0
LogInit: OS: GenericOSVersionLabel (GenericOSSubVersionLabel), CPU: Intel(R) Core(TM) i5-6200U CPU @ 2.30GHz, GPU: GenericGPUBrand
LogInit: Compiled (64-bit): May 26 2020 01:17:17
LogInit: Compiled with Clang: 9.0.1 
LogInit: Build Configuration: Shipping
LogInit: Branch Name: ++UE4+Release-4.25
LogInit: Command Line:  -Abslog="/home/jc/2020APErkhembaatar/English20Time/Saved/Logs/English20Time-CRC.log" "/home/jc/2020APErkhembaatar/English20Time/Saved/Crashes/crashinfo-English20Time-pid-7775-DCF980634C594253A865440198CF2676/"
LogInit: Base Directory: /home/jc/UnrealEngine/Engine/Binaries/Linux/
LogInit: Allocator: binned2
LogInit: Installed Engine Build: 1
LogInit: Presizing for max 100000 objects, including 0 objects not considered by GC, pre-allocating 0 bytes for permanent pool.
LogConfig: Applying CVar settings from Section [/Script/Engine.StreamingSettings] File [/home/jc/.config/Epic/CrashReportClient/Saved/Config/Linux/Engine.ini]
LogConfig: Setting CVar [[s.MinBulkDataSizeForAsyncLoading:131072]]
LogConfig: Setting CVar [[s.AsyncLoadingThreadEnabled:0]]
LogConfig: Setting CVar [[s.EventDrivenLoaderEnabled:1]]
LogConfig: Setting CVar [[s.WarnIfTimeLimitExceeded:0]]
LogConfig: Setting CVar [[s.TimeLimitExceededMultiplier:1.5]]
LogConfig: Setting CVar [[s.TimeLimitExceededMinTime:0.005]]
LogConfig: Setting CVar [[s.FlushStreamingOnExit:1]]
LogInit: Object subsystem initialized
LogConfig: Applying CVar settings from Section [ConsoleVariables] File [/home/jc/.config/Epic/CrashReportClient/Saved/Config/Linux/Engine.ini]
[2020.05.29-16.29.16:823][  0]LogInit: Unix hardware info:
[2020.05.29-16.29.16:823][  0]LogInit:  - we are the first instance of this executable
[2020.05.29-16.29.16:823][  0]LogInit:  - this process' id (pid) is 17020, parent process' id (ppid) is 7775
[2020.05.29-16.29.16:823][  0]LogInit:  - we are not running under debugger
[2020.05.29-16.29.16:823][  0]LogInit:  - machine network name is 'JC'
[2020.05.29-16.29.16:824][  0]LogInit:  - user name is 'jc' (jc)
[2020.05.29-16.29.16:824][  0]LogInit:  - we're logged in locally
[2020.05.29-16.29.16:824][  0]LogInit:  - we're running with rendering
[2020.05.29-16.29.16:824][  0]LogInit:  - CPU: GenuineIntel 'Intel(R) Core(TM) i5-6200U CPU @ 2.30GHz' (signature: 0x406E3)
[2020.05.29-16.29.16:824][  0]LogInit:  - Number of physical cores available for the process: 2
[2020.05.29-16.29.16:824][  0]LogInit:  - Number of logical cores available for the process: 4
[2020.05.29-16.29.16:824][  0]LogInit:  - Cache line size: 64
[2020.05.29-16.29.16:824][  0]LogInit:  - Memory allocator used: binned2
[2020.05.29-16.29.16:824][  0]LogInit:  - This binary is optimized with LTO: no, PGO: no, instrumented for PGO data collection: no
[2020.05.29-16.29.16:824][  0]LogInit:  - This is an internal build.
[2020.05.29-16.29.16:824][  0]LogCore: Skipped benchmarking clocks because the engine is running in a standalone program mode - CLOCK_MONOTONIC will be used.
[2020.05.29-16.29.16:824][  0]LogInit: Unix-specific commandline switches:
[2020.05.29-16.29.16:824][  0]LogInit:  -ansimalloc - use malloc()/free() from libc (useful for tools like valgrind and electric fence)
[2020.05.29-16.29.16:824][  0]LogInit:  -jemalloc - use jemalloc for all memory allocation
[2020.05.29-16.29.16:824][  0]LogInit:  -binnedmalloc - use binned malloc  for all memory allocation
[2020.05.29-16.29.16:824][  0]LogInit:  -filemapcachesize=NUMBER - set the size for case-sensitive file mapping cache
[2020.05.29-16.29.16:824][  0]LogInit:  -useksm - uses kernel same-page mapping (KSM) for mapped memory (OFF)
[2020.05.29-16.29.16:824][  0]LogInit:  -ksmmergeall - marks all mmap'd memory pages suitable for KSM (OFF)
[2020.05.29-16.29.16:824][  0]LogInit:  -preloadmodulesymbols - Loads the main module symbols file into memory (OFF)
[2020.05.29-16.29.16:824][  0]LogInit:  -sigdfl=SIGNAL - Allows a specific signal to be set to its default handler rather then ignoring the signal
[2020.05.29-16.29.16:824][  0]LogInit:  -httpproxy=ADDRESS:PORT - redirects HTTP requests to a proxy (only supported if compiled with libcurl)
[2020.05.29-16.29.16:824][  0]LogInit:  -reuseconn - allow libcurl to reuse HTTP connections (only matters if compiled with libcurl)
[2020.05.29-16.29.16:824][  0]LogInit:  -virtmemkb=NUMBER - sets process virtual memory (address space) limit (overrides VirtualMemoryLimitInKB value from .ini)
[2020.05.29-16.29.16:824][  0]LogInit:  - Physical RAM available (not considering process quota): 6 GB (5807 MB, 5947156 KB, 6089887744 bytes)
[2020.05.29-16.29.16:824][  0]LogInit:  - VirtualMemoryAllocator pools will grow at scale 1.4
[2020.05.29-16.29.16:824][  0]LogInit:  - MemoryRangeDecommit() will be a no-op (re-run with -vmapoolevict to change)
[2020.05.29-16.29.16:911][  0]LogUObjectArray: 353 objects as part of root set at end of initial load.
[2020.05.29-16.29.16:911][  0]LogUObjectAllocator: 60704 out of 0 bytes used by permanent object pool.
[2020.05.29-16.29.16:911][  0]LogUObjectArray: CloseDisregardForGC: 0/0 objects in disregard for GC pool
[2020.05.29-16.29.16:911][  0]LogInit: Using OS detected language (en-US).
[2020.05.29-16.29.16:911][  0]LogInit: Using OS detected locale (en-US).
[2020.05.29-16.29.16:912][  0]LogTextLocalizationManager: No localization for 'en-US' exists, so 'en' will be used for the language.
[2020.05.29-16.29.16:912][  0]LogTextLocalizationManager: No localization for 'en-US' exists, so 'en' will be used for the locale.
[2020.05.29-16.29.16:927][  0]LogInit: Using OS detected language (en-US).
[2020.05.29-16.29.16:927][  0]LogInit: Using OS detected locale (en-US).
[2020.05.29-16.29.16:927][  0]LogTextLocalizationManager: No localization for 'en-US' exists, so 'en' will be used for the language.
[2020.05.29-16.29.16:927][  0]LogTextLocalizationManager: No localization for 'en-US' exists, so 'en' will be used for the locale.
[2020.05.29-16.29.16:928][  0]LogTextLocalizationManager: Compacting localization data took   1.44ms
[2020.05.29-16.29.16:928][  0]LogPackageLocalizationCache: Processed 2 localized package path(s) for 1 prioritized culture(s) in 0.000041 seconds
[2020.05.29-16.29.16:929][  0]CrashReportCoreLog: CrashReportClientVersion=1.0
[2020.05.29-16.29.16:929][  0]CrashReportCoreLog: CrashReportReceiver disabled
[2020.05.29-16.29.16:929][  0]CrashReportCoreLog: DataRouterUrl: https://datarouter.ol.epicgames.com/datarouter/api/v1/public/data
[2020.05.29-16.29.16:932][  0]LogInit: Initializing SDL.
[2020.05.29-16.29.17:306][  0]LogInit: Initialized SDL 2.0.10 revision: 12952 (hg-12952:bc90ce38f1e2) (compiled against 2.0.10)
[2020.05.29-16.29.17:306][  0]LogInit: Using SDL video driver 'offscreen'
[2020.05.29-16.29.17:366][  0]LogSlate: New Slate User Created.  User Index 0, Is Virtual User: 0
[2020.05.29-16.29.17:366][  0]LogSlate: Slate User Registered.  User Index 0, Is Virtual User: 0
[2020.05.29-16.29.17:395][  0]LogSlate: Using FreeType 2.10.0
[2020.05.29-16.29.17:408][  0]LogSlate: SlateFontServices - WITH_FREETYPE: 1, WITH_HARFBUZZ: 1
[2020.05.29-16.29.17:409][  0]LogInit: Using SDL_WINDOW_OPENGL
[2020.05.29-16.29.17:409][  0]LogInit: FSlateOpenGLContext::Initialize - creating OpenGL 2.1 context
[2020.05.29-16.29.17:587][  0]CrashReportCoreLog: Initial state = Unknown UploadState value
[2020.05.29-16.29.17:587][  0]CrashReportCoreLog: Initial state = Unknown UploadState value
[2020.05.29-16.29.17:680][  0]LogLinux: Could not get DPI information for monitor #0, assuming 1.0f
[2020.05.29-16.29.17:681][  0]LogLinux: Could not get DPI information for monitor #0, assuming 1.0f
[2020.05.29-16.29.17:691][  0]LogInit: FSlateOpenGLContext::Initialize - creating OpenGL 2.1 context
[2020.05.29-16.29.17:697][  0]LogSlate: Took 0.000219 seconds to synchronously load lazily loaded font '../../../Engine/Content/Slate/Fonts/Roboto-Regular.ttf' (155K)
[2020.05.29-16.29.17:702][  0]LogSlate: Took 0.000172 seconds to synchronously load lazily loaded font '../../../Engine/Content/Slate/Fonts/Roboto-Bold.ttf' (160K)
[2020.05.29-16.29.17:741][  0]LogSlate: Took 0.014495 seconds to synchronously load lazily loaded font '../../../Engine/Content/Slate/Fonts/Roboto-Italic.ttf' (157K)
