Log file open, 06/01/20 21:29:43
LogInit: Display: Running engine for game: English20Time
LogPlatformFile: Not using cached read wrapper
LogTaskGraph: Started task graph with 5 named threads and 8 total threads with 3 sets of task threads.
LogStats: Stats thread started at 0.125430
LogICUInternationalization: ICU TimeZone Detection - Raw Offset: +8:00, Platform Override: ''
LogPluginManager: Mounting plugin LevelSequenceEditor
LogPluginManager: Mounting plugin ActorSequence
LogPluginManager: Mounting plugin MovieRenderPipeline
LogPluginManager: Mounting plugin TemplateSequence
LogPluginManager: Mounting plugin MatineeToLevelSequence
LogPluginManager: Mounting plugin CameraShakePreviewer
LogPluginManager: Mounting plugin VariantManagerContent
LogPluginManager: Mounting plugin DatasmithContent
LogPluginManager: Mounting plugin Niagara
LogPluginManager: Mounting plugin PhysXVehicles
LogPluginManager: Mounting plugin AssetTags
LogPluginManager: Mounting plugin IOSDeviceProfileSelector
LogPluginManager: Mounting plugin OculusVR
LogPluginManager: Mounting plugin RuntimePhysXCooking
LogPluginManager: Mounting plugin GooglePAD
LogPluginManager: Mounting plugin AppleImageUtils
LogPluginManager: Mounting plugin GoogleCloudMessaging
LogPluginManager: Mounting plugin AndroidPermission
LogPluginManager: Mounting plugin SignificanceManager
LogPluginManager: Mounting plugin LinuxDeviceProfileSelector
LogPluginManager: Mounting plugin Synthesis
LogPluginManager: Mounting plugin EditableMesh
LogPluginManager: Mounting plugin AppleMoviePlayer
LogPluginManager: Mounting plugin WebMMoviePlayer
LogPluginManager: Mounting plugin AndroidDeviceProfileSelector
LogPluginManager: Mounting plugin LocationServicesBPLibrary
LogPluginManager: Mounting plugin AndroidMoviePlayer
LogPluginManager: Mounting plugin CustomMeshComponent
LogPluginManager: Mounting plugin MobilePatchingUtils
LogPluginManager: Mounting plugin CableComponent
LogPluginManager: Mounting plugin SteamVR
LogPluginManager: Mounting plugin AudioCapture
LogPluginManager: Mounting plugin ProceduralMeshComponent
LogPluginManager: Mounting plugin PostSplashScreen
LogPluginManager: Mounting plugin WindowsMoviePlayer
LogPluginManager: Mounting plugin ExampleDeviceProfileSelector
LogPluginManager: Mounting plugin ArchVisCharacter
LogPluginManager: Mounting plugin SoundFields
LogPluginManager: Mounting plugin CharacterAI
LogPluginManager: Mounting plugin PlanarCut
LogPluginManager: Mounting plugin BackChannel
LogPluginManager: Mounting plugin ChaosSolverPlugin
LogPluginManager: Mounting plugin ChaosCloth
LogPluginManager: Mounting plugin ProxyLODPlugin
LogPluginManager: Mounting plugin GeometryCache
LogPluginManager: Mounting plugin ChaosNiagara
LogPluginManager: Mounting plugin PlatformCrypto
LogPluginManager: Mounting plugin ChaosEditor
LogPluginManager: Mounting plugin SkeletalReduction
LogPluginManager: Mounting plugin AutomationUtils
LogPluginManager: Mounting plugin GeometryProcessing
LogPluginManager: Mounting plugin AlembicImporter
LogPluginManager: Mounting plugin GeometryCollectionPlugin
LogPluginManager: Mounting plugin ChaosClothEditor
LogPluginManager: Mounting plugin LightPropagationVolume
LogPluginManager: Mounting plugin OnlineSubsystemIOS
LogPluginManager: Mounting plugin OnlineSubsystemUtils
LogPluginManager: Mounting plugin OnlineSubsystemGooglePlay
LogPluginManager: Mounting plugin OnlineSubsystemNull
LogPluginManager: Mounting plugin OnlineSubsystem
LogPluginManager: Mounting plugin MeshPainting
LogPluginManager: Mounting plugin PerforceSourceControl
LogPluginManager: Mounting plugin KDevelopSourceCodeAccess
LogPluginManager: Mounting plugin GitSourceControl
LogPluginManager: Mounting plugin RiderSourceCodeAccess
LogPluginManager: Mounting plugin NullSourceCodeAccess
LogPluginManager: Mounting plugin CodeLiteSourceCodeAccess
LogPluginManager: Mounting plugin VisualStudioCodeSourceCodeAccess
LogPluginManager: Mounting plugin CLionSourceCodeAccess
LogPluginManager: Mounting plugin XCodeSourceCodeAccess
LogPluginManager: Mounting plugin UObjectPlugin
LogPluginManager: Mounting plugin VisualStudioSourceCodeAccess
LogPluginManager: Mounting plugin SubversionSourceControl
LogPluginManager: Mounting plugin ActorLayerUtilities
LogPluginManager: Mounting plugin AnimationSharing
LogPluginManager: Mounting plugin PlasticSourceControl
LogPluginManager: Mounting plugin MagicLeapMedia
LogPluginManager: Mounting plugin MagicLeapPassableWorld
LogPluginManager: Mounting plugin MagicLeap
LogPluginManager: Mounting plugin MLSDK
LogPluginManager: Mounting plugin MagicLeapLightEstimation
LogPluginManager: Mounting plugin MediaPlayerEditor
LogPluginManager: Mounting plugin WmfMedia
LogPluginManager: Mounting plugin MediaCompositing
LogPluginManager: Mounting plugin AndroidMedia
LogPluginManager: Mounting plugin ImgMedia
LogPluginManager: Mounting plugin AvfMedia
LogPluginManager: Mounting plugin WebMMedia
LogPluginManager: Mounting plugin ScreenshotTools
LogPluginManager: Mounting plugin TcpMessaging
LogPluginManager: Mounting plugin UdpMessaging
LogPluginManager: Mounting plugin GeometryMode
LogPluginManager: Mounting plugin MacGraphicsSwitching
LogPluginManager: Mounting plugin EditorScriptingUtilities
LogPluginManager: Mounting plugin PluginBrowser
LogPluginManager: Mounting plugin DataValidation
LogPluginManager: Mounting plugin GameplayTagsEditor
LogPluginManager: Mounting plugin CurveEditorTools
LogPluginManager: Mounting plugin AssetManagerEditor
LogPluginManager: Mounting plugin MobileLauncherProfileWizard
LogPluginManager: Mounting plugin SpeedTreeImporter
LogPluginManager: Mounting plugin FacialAnimation
LogPluginManager: Mounting plugin CryptoKeys
LogPluginManager: Mounting plugin MaterialAnalyzer
LogPluginManager: Mounting plugin AISupport
LogPluginManager: Mounting plugin LauncherChunkInstaller
LogPluginManager: Mounting plugin Paper2D
LogPluginManager: Mounting plugin NetcodeUnitTest
LogPluginManager: Mounting plugin NUTUnrealEngine4
LogInit: Using libcurl 7.65.3-DEV
LogInit:  - built for x86_64-unknown-linux-gnu
LogInit:  - supports SSL with OpenSSL/1.1.1c
LogInit:  - supports HTTP deflate (compression) using libz 1.2.8
LogInit:  - other features:
LogInit:      CURL_VERSION_SSL
LogInit:      CURL_VERSION_LIBZ
LogInit:      CURL_VERSION_IPV6
LogInit:      CURL_VERSION_ASYNCHDNS
LogInit:      CURL_VERSION_LARGEFILE
LogInit:      CURL_VERSION_TLSAUTH_SRP
LogInit:  CurlRequestOptions (configurable via config and command line):
LogInit:  - bVerifyPeer = true  - Libcurl will verify peer certificate
LogInit:  - bUseHttpProxy = false  - Libcurl will NOT use HTTP proxy
LogInit:  - bDontReuseConnections = false  - Libcurl will reuse connections
LogInit:  - MaxHostConnections = 16  - Libcurl will limit the number of connections to a host
LogInit:  - LocalHostAddr = Default
LogInit:  - BufferSize = 65536
LogOnline: OSS: Creating online subsystem instance for: NULL
LogOnline: OSS: TryLoadSubsystemAndSetDefault: Loaded subsystem for module [NULL]
LogInit: Build: ++UE4+Release-4.25-CL-0
LogInit: Engine Version: 4.25.1-0+++UE4+Release-4.25
LogInit: Compatible Engine Version: 4.25.0-0+++UE4+Release-4.25
LogInit: Net CL: 0
LogInit: OS: GenericOSVersionLabel (GenericOSSubVersionLabel), CPU: Intel(R) Core(TM) i5-6200U CPU @ 2.30GHz, GPU: GenericGPUBrand
LogInit: Compiled (64-bit): May 26 2020 01:57:05
LogInit: Compiled with Clang: 9.0.1 
LogInit: Build Configuration: Development
LogInit: Branch Name: ++UE4+Release-4.25
LogInit: Command Line: 
LogInit: Base Directory: /home/jc/UnrealEngine/Engine/Binaries/Linux/
LogInit: Allocator: binned2
LogInit: Installed Engine Build: 0
LogDevObjectVersion: Number of dev versions registered: 26
LogDevObjectVersion:   Dev-Blueprints (B0D832E4-1F89-4F0D-ACCF-7EB736FD4AA2): 10
LogDevObjectVersion:   Dev-Build (E1C64328-A22C-4D53-A36C-8E866417BD8C): 0
LogDevObjectVersion:   Dev-Core (375EC13C-06E4-48FB-B500-84F0262A717E): 4
LogDevObjectVersion:   Dev-Editor (E4B068ED-F494-42E9-A231-DA0B2E46BB41): 38
LogDevObjectVersion:   Dev-Framework (CFFC743F-43B0-4480-9391-14DF171D2073): 37
LogDevObjectVersion:   Dev-Mobile (B02B49B5-BB20-44E9-A304-32B752E40360): 2
LogDevObjectVersion:   Dev-Networking (A4E4105C-59A1-49B5-A7C5-40C4547EDFEE): 0
LogDevObjectVersion:   Dev-Online (39C831C9-5AE6-47DC-9A44-9C173E1C8E7C): 0
LogDevObjectVersion:   Dev-Physics (78F01B33-EBEA-4F98-B9B4-84EACCB95AA2): 4
LogDevObjectVersion:   Dev-Platform (6631380F-2D4D-43E0-8009-CF276956A95A): 0
LogDevObjectVersion:   Dev-Rendering (12F88B9F-8875-4AFC-A67C-D90C383ABD29): 43
LogDevObjectVersion:   Dev-Sequencer (7B5AE74C-D270-4C10-A958-57980B212A5A): 12
LogDevObjectVersion:   Dev-VR (D7296918-1DD6-4BDD-9DE2-64A83CC13884): 3
LogDevObjectVersion:   Dev-LoadTimes (C2A15278-BFE7-4AFE-6C17-90FF531DF755): 1
LogDevObjectVersion:   Private-Geometry (6EACA3D4-40EC-4CC1-B786-8BED09428FC5): 3
LogDevObjectVersion:   Dev-AnimPhys (29E575DD-E0A3-4627-9D10-D276232CDCEA): 17
LogDevObjectVersion:   Dev-Anim (AF43A65D-7FD3-4947-9873-3E8ED9C1BB05): 7
LogDevObjectVersion:   Dev-ReflectionCapture (6B266CEC-1EC7-4B8F-A30B-E4D90942FC07): 1
LogDevObjectVersion:   Dev-Automation (0DF73D61-A23F-47EA-B727-89E90C41499A): 1
LogDevObjectVersion:   FortniteMain (601D1886-AC64-4F84-AA16-D3DE0DEAC7D6): 31
LogDevObjectVersion:   Dev-Enterprise (9DFFBCD6-494F-0158-E221-12823C92A888): 10
LogDevObjectVersion:   Dev-Niagara (F2AED0AC-9AFE-416F-8664-AA7FFA26D6FC): 1
LogDevObjectVersion:   Dev-Destruction (174F1F0B-B4C6-45A5-B13F-2EE8D0FB917D): 10
LogDevObjectVersion:   Dev-Physics-Ext (35F94A83-E258-406C-A318-09F59610247C): 37
LogDevObjectVersion:   Dev-PhysicsMaterial-Chaos (B68FC16E-8B1B-42E2-B453-215C058844FE): 1
LogDevObjectVersion:   Dev-CineCamera (B2E18506-4273-CFC2-A54E-F4BB758BBA07): 1
LogInit: Presizing for max 25165824 objects, including 0 objects not considered by GC, pre-allocating 0 bytes for permanent pool.
LogConfig: Applying CVar settings from Section [/Script/Engine.StreamingSettings] File [/home/jc/2020APErkhembaatar/English20Time/Saved/Config/Linux/Engine.ini]
LogConfig: Setting CVar [[s.MinBulkDataSizeForAsyncLoading:131072]]
LogConfig: Setting CVar [[s.AsyncLoadingThreadEnabled:0]]
LogConfig: Setting CVar [[s.EventDrivenLoaderEnabled:1]]
LogConfig: Setting CVar [[s.WarnIfTimeLimitExceeded:0]]
LogConfig: Setting CVar [[s.TimeLimitExceededMultiplier:1.5]]
LogConfig: Setting CVar [[s.TimeLimitExceededMinTime:0.005]]
LogConfig: Setting CVar [[s.UseBackgroundLevelStreaming:1]]
LogConfig: Setting CVar [[s.PriorityAsyncLoadingExtraTime:15.0]]
LogConfig: Setting CVar [[s.LevelStreamingActorsUpdateTimeLimit:5.0]]
LogConfig: Setting CVar [[s.PriorityLevelStreamingActorsUpdateExtraTime:5.0]]
LogConfig: Setting CVar [[s.LevelStreamingComponentsRegistrationGranularity:10]]
LogConfig: Setting CVar [[s.UnregisterComponentsTimeLimit:1.0]]
LogConfig: Setting CVar [[s.LevelStreamingComponentsUnregistrationGranularity:5]]
LogConfig: Setting CVar [[s.FlushStreamingOnExit:1]]
LogInit: Object subsystem initialized
LogConfig: Setting CVar [[con.DebugEarlyDefault:1]]
LogConfig: Setting CVar [[r.setres:1280x720]]
[2020.06.01-13.29.48:656][  0]LogConfig: Setting CVar [[r.VSync:0]]
[2020.06.01-13.29.48:656][  0]LogConfig: Setting CVar [[r.RHICmdBypass:0]]
[2020.06.01-13.29.48:656][  0]LogConfig: Applying CVar settings from Section [/Script/Engine.RendererSettings] File [/home/jc/2020APErkhembaatar/English20Time/Saved/Config/Linux/Engine.ini]
[2020.06.01-13.29.48:656][  0]LogConfig: Setting CVar [[r.GPUCrashDebugging:0]]
[2020.06.01-13.29.48:656][  0]LogConfig: Setting CVar [[r.Mobile.DisableVertexFog:1]]
[2020.06.01-13.29.48:656][  0]LogConfig: Setting CVar [[r.Shadow.CSM.MaxMobileCascades:2]]
[2020.06.01-13.29.48:656][  0]LogConfig: Setting CVar [[r.MobileMSAA:1]]
[2020.06.01-13.29.48:656][  0]LogConfig: Setting CVar [[r.Mobile.UseLegacyShadingModel:0]]
[2020.06.01-13.29.48:656][  0]LogConfig: Setting CVar [[r.Mobile.AllowDitheredLODTransition:0]]
[2020.06.01-13.29.48:656][  0]LogConfig: Setting CVar [[r.Mobile.AllowSoftwareOcclusion:0]]
[2020.06.01-13.29.48:656][  0]LogConfig: Setting CVar [[r.Mobile.VirtualTextures:0]]
[2020.06.01-13.29.48:656][  0]LogConfig: Setting CVar [[r.DiscardUnusedQuality:0]]
[2020.06.01-13.29.48:656][  0]LogConfig: Setting CVar [[r.AllowOcclusionQueries:1]]
[2020.06.01-13.29.48:656][  0]LogConfig: Setting CVar [[r.MinScreenRadiusForLights:0.030000]]
[2020.06.01-13.29.48:656][  0]LogConfig: Setting CVar [[r.MinScreenRadiusForDepthPrepass:0.030000]]
[2020.06.01-13.29.48:656][  0]LogConfig: Setting CVar [[r.MinScreenRadiusForCSMDepth:0.010000]]
[2020.06.01-13.29.48:656][  0]LogConfig: Setting CVar [[r.PrecomputedVisibilityWarning:0]]
[2020.06.01-13.29.48:656][  0]LogConfig: Setting CVar [[r.TextureStreaming:1]]
[2020.06.01-13.29.48:656][  0]LogConfig: Setting CVar [[Compat.UseDXT5NormalMaps:0]]
[2020.06.01-13.29.48:656][  0]LogConfig: Setting CVar [[r.VirtualTextures:0]]
[2020.06.01-13.29.48:656][  0]LogConfig: Setting CVar [[r.VirtualTexturedLightmaps:0]]
[2020.06.01-13.29.48:656][  0]LogConfig: Setting CVar [[r.VT.TileSize:128]]
[2020.06.01-13.29.48:656][  0]LogConfig: Setting CVar [[r.VT.TileBorderSize:4]]
[2020.06.01-13.29.48:656][  0]LogConfig: Setting CVar [[r.vt.FeedbackFactor:16]]
[2020.06.01-13.29.48:656][  0]LogConfig: Setting CVar [[r.VT.EnableCompressZlib:1]]
[2020.06.01-13.29.48:656][  0]LogConfig: Setting CVar [[r.VT.EnableCompressCrunch:0]]
[2020.06.01-13.29.48:656][  0]LogConfig: Setting CVar [[r.ClearCoatNormal:0]]
[2020.06.01-13.29.48:656][  0]LogConfig: Setting CVar [[r.AnisotropicBRDF:0]]
[2020.06.01-13.29.48:656][  0]LogConfig: Setting CVar [[r.ReflectionCaptureResolution:128]]
[2020.06.01-13.29.48:657][  0]LogConfig: Setting CVar [[r.ReflectionEnvironmentLightmapMixBasedOnRoughness:1]]
[2020.06.01-13.29.48:657][  0]LogConfig: Setting CVar [[r.ForwardShading:0]]
[2020.06.01-13.29.48:657][  0]LogConfig: Setting CVar [[r.VertexFoggingForOpaque:1]]
[2020.06.01-13.29.48:657][  0]LogConfig: Setting CVar [[r.AllowStaticLighting:1]]
[2020.06.01-13.29.48:657][  0]LogConfig: Setting CVar [[r.NormalMapsForStaticLighting:0]]
[2020.06.01-13.29.48:657][  0]LogConfig: Setting CVar [[r.GenerateMeshDistanceFields:0]]
[2020.06.01-13.29.48:657][  0]LogConfig: Setting CVar [[r.DistanceFieldBuild.EightBit:0]]
[2020.06.01-13.29.48:657][  0]LogConfig: Setting CVar [[r.GenerateLandscapeGIData:0]]
[2020.06.01-13.29.48:657][  0]LogConfig: Setting CVar [[r.DistanceFieldBuild.Compress:0]]
[2020.06.01-13.29.48:657][  0]LogConfig: Setting CVar [[r.TessellationAdaptivePixelsPerTriangle:48.000000]]
[2020.06.01-13.29.48:657][  0]LogConfig: Setting CVar [[r.SeparateTranslucency:1]]
[2020.06.01-13.29.48:657][  0]LogConfig: Setting CVar [[r.TranslucentSortPolicy:0]]
[2020.06.01-13.29.48:657][  0]LogConfig: Setting CVar [[r.CustomDepth:1]]
[2020.06.01-13.29.48:657][  0]LogConfig: Setting CVar [[r.CustomDepthTemporalAAJitter:1]]
[2020.06.01-13.29.48:657][  0]LogConfig: Setting CVar [[r.PostProcessing.PropagateAlpha:0]]
[2020.06.01-13.29.48:657][  0]LogConfig: Setting CVar [[r.DefaultFeature.Bloom:1]]
[2020.06.01-13.29.48:657][  0]LogConfig: Setting CVar [[r.DefaultFeature.AmbientOcclusion:1]]
[2020.06.01-13.29.48:657][  0]LogConfig: Setting CVar [[r.DefaultFeature.AmbientOcclusionStaticFraction:1]]
[2020.06.01-13.29.48:657][  0]LogConfig: Setting CVar [[r.DefaultFeature.AutoExposure:0]]
[2020.06.01-13.29.48:657][  0]LogConfig: Setting CVar [[r.DefaultFeature.AutoExposure.Method:0]]
[2020.06.01-13.29.48:657][  0]LogConfig: Setting CVar [[r.DefaultFeature.AutoExposure.Bias:1.000000]]
[2020.06.01-13.29.48:657][  0]LogConfig: Setting CVar [[r.DefaultFeature.AutoExposure.ExtendDefaultLuminanceRange:0]]
[2020.06.01-13.29.48:657][  0]LogConfig: Setting CVar [[r.UsePreExposure:1]]
[2020.06.01-13.29.48:657][  0]LogConfig: Setting CVar [[r.EyeAdaptation.EditorOnly:0]]
[2020.06.01-13.29.48:657][  0]LogConfig: Setting CVar [[r.DefaultFeature.MotionBlur:0]]
[2020.06.01-13.29.48:657][  0]LogConfig: Setting CVar [[r.DefaultFeature.LensFlare:0]]
[2020.06.01-13.29.48:657][  0]LogConfig: Setting CVar [[r.TemporalAA.Upsampling:0]]
[2020.06.01-13.29.48:657][  0]LogConfig: Setting CVar [[r.SSGI.Enable:0]]
[2020.06.01-13.29.48:657][  0]LogConfig: Setting CVar [[r.DefaultFeature.AntiAliasing:0]]
[2020.06.01-13.29.48:657][  0]LogConfig: Setting CVar [[r.DefaultFeature.LightUnits:1]]
[2020.06.01-13.29.48:657][  0]LogConfig: Setting CVar [[r.DefaultBackBufferPixelFormat:4]]
[2020.06.01-13.29.48:657][  0]LogConfig: Setting CVar [[r.Shadow.UnbuiltPreviewInGame:1]]
[2020.06.01-13.29.48:657][  0]LogConfig: Setting CVar [[r.StencilForLODDither:0]]
[2020.06.01-13.29.48:657][  0]LogConfig: Setting CVar [[r.EarlyZPass:3]]
[2020.06.01-13.29.48:657][  0]LogConfig: Setting CVar [[r.EarlyZPassOnlyMaterialMasking:0]]
[2020.06.01-13.29.48:657][  0]LogConfig: Setting CVar [[r.DBuffer:1]]
[2020.06.01-13.29.48:657][  0]LogConfig: Setting CVar [[r.ClearSceneMethod:1]]
[2020.06.01-13.29.48:657][  0]LogConfig: Setting CVar [[r.BasePassOutputsVelocity:0]]
[2020.06.01-13.29.48:657][  0]LogConfig: Setting CVar [[r.VertexDeformationOutputsVelocity:0]]
[2020.06.01-13.29.48:657][  0]LogConfig: Setting CVar [[r.SelectiveBasePassOutputs:0]]
[2020.06.01-13.29.48:657][  0]LogConfig: Setting CVar [[fx.GPUSimulationTextureSizeX:1024]]
[2020.06.01-13.29.48:657][  0]LogConfig: Setting CVar [[fx.GPUSimulationTextureSizeY:1024]]
[2020.06.01-13.29.48:657][  0]LogConfig: Setting CVar [[r.AllowGlobalClipPlane:0]]
[2020.06.01-13.29.48:657][  0]LogConfig: Setting CVar [[r.GBufferFormat:1]]
[2020.06.01-13.29.48:657][  0]LogConfig: Setting CVar [[r.MorphTarget.Mode:1]]
[2020.06.01-13.29.48:657][  0]LogConfig: Setting CVar [[vr.InstancedStereo:0]]
[2020.06.01-13.29.48:657][  0]LogConfig: Setting CVar [[r.MobileHDR:1]]
[2020.06.01-13.29.48:657][  0]LogConfig: Setting CVar [[vr.MobileMultiView:0]]
[2020.06.01-13.29.48:657][  0]LogConfig: Setting CVar [[r.Mobile.UseHWsRGBEncoding:0]]
[2020.06.01-13.29.48:657][  0]LogConfig: Setting CVar [[vr.RoundRobinOcclusion:0]]
[2020.06.01-13.29.48:657][  0]LogConfig: Setting CVar [[vr.ODSCapture:0]]
[2020.06.01-13.29.48:657][  0]LogConfig: Setting CVar [[r.MeshStreaming:0]]
[2020.06.01-13.29.48:657][  0]LogConfig: Setting CVar [[r.WireframeCullThreshold:5.000000]]
[2020.06.01-13.29.48:657][  0]LogConfig: Setting CVar [[r.RayTracing:0]]
[2020.06.01-13.29.48:657][  0]LogConfig: Setting CVar [[r.RayTracing.UseTextureLod:0]]
[2020.06.01-13.29.48:657][  0]LogConfig: Setting CVar [[r.SupportStationarySkylight:1]]
[2020.06.01-13.29.48:657][  0]LogConfig: Setting CVar [[r.SupportLowQualityLightmaps:1]]
[2020.06.01-13.29.48:657][  0]LogConfig: Setting CVar [[r.SupportPointLightWholeSceneShadows:1]]
[2020.06.01-13.29.48:657][  0]LogConfig: Setting CVar [[r.SupportAtmosphericFog:1]]
[2020.06.01-13.29.48:657][  0]LogConfig: Setting CVar [[r.SupportSkyAtmosphere:1]]
[2020.06.01-13.29.48:657][  0]LogConfig: Setting CVar [[r.SupportSkyAtmosphereAffectsHeightFog:0]]
[2020.06.01-13.29.48:657][  0]LogConfig: Setting CVar [[r.SkinCache.CompileShaders:0]]
[2020.06.01-13.29.48:657][  0]LogConfig: Setting CVar [[r.SkinCache.DefaultBehavior:1]]
[2020.06.01-13.29.48:657][  0]LogConfig: Setting CVar [[r.SkinCache.SceneMemoryLimitInMB:128.000000]]
[2020.06.01-13.29.48:657][  0]LogConfig: Setting CVar [[r.Mobile.EnableStaticAndCSMShadowReceivers:1]]
[2020.06.01-13.29.48:657][  0]LogConfig: Setting CVar [[r.Mobile.EnableMovableLightCSMShaderCulling:1]]
[2020.06.01-13.29.48:657][  0]LogConfig: Setting CVar [[r.Mobile.AllowDistanceFieldShadows:1]]
[2020.06.01-13.29.48:657][  0]LogConfig: Setting CVar [[r.Mobile.AllowMovableDirectionalLights:1]]
[2020.06.01-13.29.48:657][  0]LogConfig: Setting CVar [[r.MobileNumDynamicPointLights:4]]
[2020.06.01-13.29.48:658][  0]LogConfig: Setting CVar [[r.MobileDynamicPointLightsUseStaticBranch:1]]
[2020.06.01-13.29.48:658][  0]LogConfig: Setting CVar [[r.Mobile.EnableMovableSpotlights:0]]
[2020.06.01-13.29.48:658][  0]LogConfig: Setting CVar [[r.GPUSkin.Support16BitBoneIndex:0]]
[2020.06.01-13.29.48:658][  0]LogConfig: Setting CVar [[r.GPUSkin.Limit2BoneInfluences:0]]
[2020.06.01-13.29.48:658][  0]LogConfig: Setting CVar [[r.SupportDepthOnlyIndexBuffers:1]]
[2020.06.01-13.29.48:658][  0]LogConfig: Setting CVar [[r.SupportReversedIndexBuffers:1]]
[2020.06.01-13.29.48:658][  0]LogConfig: Setting CVar [[r.SupportMaterialLayers:0]]
[2020.06.01-13.29.48:658][  0]LogConfig: Setting CVar [[r.LightPropagationVolume:0]]
[2020.06.01-13.29.48:658][  0]LogConfig: Applying CVar settings from Section [/Script/Engine.RendererOverrideSettings] File [/home/jc/2020APErkhembaatar/English20Time/Saved/Config/Linux/Engine.ini]
[2020.06.01-13.29.48:658][  0]LogConfig: Applying CVar settings from Section [/Script/Engine.StreamingSettings] File [/home/jc/2020APErkhembaatar/English20Time/Saved/Config/Linux/Engine.ini]
[2020.06.01-13.29.48:658][  0]LogConfig: Setting CVar [[s.MinBulkDataSizeForAsyncLoading:131072]]
[2020.06.01-13.29.48:658][  0]LogConfig: Setting CVar [[s.AsyncLoadingThreadEnabled:0]]
[2020.06.01-13.29.48:658][  0]LogConfig: Setting CVar [[s.EventDrivenLoaderEnabled:1]]
[2020.06.01-13.29.48:658][  0]LogConfig: Setting CVar [[s.WarnIfTimeLimitExceeded:0]]
[2020.06.01-13.29.48:658][  0]LogConfig: Setting CVar [[s.TimeLimitExceededMultiplier:1.5]]
[2020.06.01-13.29.48:658][  0]LogConfig: Setting CVar [[s.TimeLimitExceededMinTime:0.005]]
[2020.06.01-13.29.48:658][  0]LogConfig: Setting CVar [[s.UseBackgroundLevelStreaming:1]]
[2020.06.01-13.29.48:658][  0]LogConfig: Setting CVar [[s.PriorityAsyncLoadingExtraTime:15.0]]
[2020.06.01-13.29.48:658][  0]LogConfig: Setting CVar [[s.LevelStreamingActorsUpdateTimeLimit:5.0]]
[2020.06.01-13.29.48:658][  0]LogConfig: Setting CVar [[s.PriorityLevelStreamingActorsUpdateExtraTime:5.0]]
[2020.06.01-13.29.48:658][  0]LogConfig: Setting CVar [[s.LevelStreamingComponentsRegistrationGranularity:10]]
[2020.06.01-13.29.48:658][  0]LogConfig: Setting CVar [[s.UnregisterComponentsTimeLimit:1.0]]
[2020.06.01-13.29.48:658][  0]LogConfig: Setting CVar [[s.LevelStreamingComponentsUnregistrationGranularity:5]]
[2020.06.01-13.29.48:658][  0]LogConfig: Setting CVar [[s.FlushStreamingOnExit:1]]
[2020.06.01-13.29.48:658][  0]LogConfig: Applying CVar settings from Section [/Script/Engine.GarbageCollectionSettings] File [/home/jc/2020APErkhembaatar/English20Time/Saved/Config/Linux/Engine.ini]
[2020.06.01-13.29.48:658][  0]LogConfig: Setting CVar [[gc.MaxObjectsNotConsideredByGC:1]]
[2020.06.01-13.29.48:658][  0]LogConfig: Setting CVar [[gc.SizeOfPermanentObjectPool:0]]
[2020.06.01-13.29.48:658][  0]LogConfig: Setting CVar [[gc.FlushStreamingOnGC:0]]
[2020.06.01-13.29.48:658][  0]LogConfig: Setting CVar [[gc.NumRetriesBeforeForcingGC:10]]
[2020.06.01-13.29.48:658][  0]LogConfig: Setting CVar [[gc.AllowParallelGC:1]]
[2020.06.01-13.29.48:658][  0]LogConfig: Setting CVar [[gc.TimeBetweenPurgingPendingKillObjects:61.1]]
[2020.06.01-13.29.48:658][  0]LogConfig: Setting CVar [[gc.MaxObjectsInEditor:25165824]]
[2020.06.01-13.29.48:658][  0]LogConfig: Setting CVar [[gc.IncrementalBeginDestroyEnabled:1]]
[2020.06.01-13.29.48:658][  0]LogConfig: Setting CVar [[gc.CreateGCClusters:1]]
[2020.06.01-13.29.48:658][  0]LogConfig: Setting CVar [[gc.MinGCClusterSize:5]]
[2020.06.01-13.29.48:658][  0]LogConfig: Setting CVar [[gc.ActorClusteringEnabled:0]]
[2020.06.01-13.29.48:658][  0]LogConfig: Setting CVar [[gc.BlueprintClusteringEnabled:0]]
[2020.06.01-13.29.48:658][  0]LogConfig: Setting CVar [[gc.UseDisregardForGCOnDedicatedServers:0]]
[2020.06.01-13.29.48:658][  0]LogConfig: Applying CVar settings from Section [/Script/Engine.NetworkSettings] File [/home/jc/2020APErkhembaatar/English20Time/Saved/Config/Linux/Engine.ini]
[2020.06.01-13.29.48:658][  0]LogConfig: Applying CVar settings from Section [/Script/UnrealEd.CookerSettings] File [/home/jc/2020APErkhembaatar/English20Time/Saved/Config/Linux/Engine.ini]
[2020.06.01-13.29.48:659][  0]LogInit: Initializing SDL.
[2020.06.01-13.29.48:854][  0]LogInit: Initialized SDL 2.0.10 revision: 12952 (hg-12952:bc90ce38f1e2) (compiled against 2.0.10)
[2020.06.01-13.29.48:854][  0]LogInit: Using SDL video driver 'x11'
[2020.06.01-13.29.48:855][  0]LogInit: Display metrics:
[2020.06.01-13.29.48:855][  0]LogInit:   PrimaryDisplayWidth: 1600
[2020.06.01-13.29.48:855][  0]LogInit:   PrimaryDisplayHeight: 1200
[2020.06.01-13.29.48:855][  0]LogInit:   PrimaryDisplayWorkAreaRect:
[2020.06.01-13.29.48:855][  0]LogInit:     Left=0, Top=0, Right=1600, Bottom=1200
[2020.06.01-13.29.48:855][  0]LogInit:   VirtualDisplayRect:
[2020.06.01-13.29.48:855][  0]LogInit:     Left=0, Top=0, Right=1600, Bottom=1200
[2020.06.01-13.29.48:855][  0]LogInit:   TitleSafePaddingSize: X=0.000 Y=0.000 Z=0.000 W=0.000
[2020.06.01-13.29.48:855][  0]LogInit:   ActionSafePaddingSize: X=0.000 Y=0.000 Z=0.000 W=0.000
[2020.06.01-13.29.48:855][  0]LogInit:   Number of monitors: 1
[2020.06.01-13.29.48:855][  0]LogInit:     Monitor 0
[2020.06.01-13.29.48:855][  0]LogInit:       Name: DELL 2007FP 20"
[2020.06.01-13.29.48:855][  0]LogInit:       ID: display0
[2020.06.01-13.29.48:855][  0]LogInit:       NativeWidth: 1600
[2020.06.01-13.29.48:855][  0]LogInit:       NativeHeight: 1200
[2020.06.01-13.29.48:855][  0]LogInit:       bIsPrimary: true
[2020.06.01-13.29.48:855][  0]LogConfig: Applying CVar settings from Section [ViewDistanceQuality@3] File [/home/jc/2020APErkhembaatar/English20Time/Saved/Config/Linux/Scalability.ini]
[2020.06.01-13.29.48:855][  0]LogConfig: Setting CVar [[r.SkeletalMeshLODBias:0]]
[2020.06.01-13.29.48:855][  0]LogConfig: Setting CVar [[r.ViewDistanceScale:1.0]]
[2020.06.01-13.29.48:855][  0]LogConfig: Applying CVar settings from Section [AntiAliasingQuality@3] File [/home/jc/2020APErkhembaatar/English20Time/Saved/Config/Linux/Scalability.ini]
[2020.06.01-13.29.48:855][  0]LogConfig: Setting CVar [[r.PostProcessAAQuality:4]]
[2020.06.01-13.29.48:855][  0]LogConfig: Applying CVar settings from Section [ShadowQuality@3] File [/home/jc/2020APErkhembaatar/English20Time/Saved/Config/Linux/Scalability.ini]
[2020.06.01-13.29.48:855][  0]LogConfig: Setting CVar [[r.LightFunctionQuality:1]]
[2020.06.01-13.29.48:855][  0]LogConfig: Setting CVar [[r.ShadowQuality:5]]
[2020.06.01-13.29.48:855][  0]LogConfig: Setting CVar [[r.Shadow.CSM.MaxCascades:10]]
[2020.06.01-13.29.48:855][  0]LogConfig: Setting CVar [[r.Shadow.MaxResolution:2048]]
[2020.06.01-13.29.48:855][  0]LogConfig: Setting CVar [[r.Shadow.MaxCSMResolution:2048]]
[2020.06.01-13.29.48:855][  0]LogConfig: Setting CVar [[r.Shadow.RadiusThreshold:0.01]]
[2020.06.01-13.29.48:855][  0]LogConfig: Setting CVar [[r.Shadow.DistanceScale:1.0]]
[2020.06.01-13.29.48:855][  0]LogConfig: Setting CVar [[r.Shadow.CSM.TransitionScale:1.0]]
[2020.06.01-13.29.48:855][  0]LogConfig: Setting CVar [[r.Shadow.PreShadowResolutionFactor:1.0]]
[2020.06.01-13.29.48:855][  0]LogConfig: Setting CVar [[r.DistanceFieldShadowing:1]]
[2020.06.01-13.29.48:855][  0]LogConfig: Setting CVar [[r.DistanceFieldAO:1]]
[2020.06.01-13.29.48:855][  0]LogConfig: Setting CVar [[r.AOQuality:2]]
[2020.06.01-13.29.48:855][  0]LogConfig: Setting CVar [[r.VolumetricFog:1]]
[2020.06.01-13.29.48:855][  0]LogConfig: Setting CVar [[r.VolumetricFog.GridPixelSize:8]]
[2020.06.01-13.29.48:855][  0]LogConfig: Setting CVar [[r.VolumetricFog.GridSizeZ:128]]
[2020.06.01-13.29.48:855][  0]LogConfig: Setting CVar [[r.VolumetricFog.HistoryMissSupersampleCount:4]]
[2020.06.01-13.29.48:856][  0]LogConfig: Setting CVar [[r.LightMaxDrawDistanceScale:1]]
[2020.06.01-13.29.48:856][  0]LogConfig: Setting CVar [[r.CapsuleShadows:1]]
[2020.06.01-13.29.48:856][  0]LogConfig: Applying CVar settings from Section [PostProcessQuality@3] File [/home/jc/2020APErkhembaatar/English20Time/Saved/Config/Linux/Scalability.ini]
[2020.06.01-13.29.48:856][  0]LogConfig: Setting CVar [[r.MotionBlurQuality:4]]
[2020.06.01-13.29.48:856][  0]LogConfig: Setting CVar [[r.AmbientOcclusionMipLevelFactor:0.4]]
[2020.06.01-13.29.48:856][  0]LogConfig: Setting CVar [[r.AmbientOcclusionMaxQuality:100]]
[2020.06.01-13.29.48:856][  0]LogConfig: Setting CVar [[r.AmbientOcclusionLevels:-1]]
[2020.06.01-13.29.48:856][  0]LogConfig: Setting CVar [[r.AmbientOcclusionRadiusScale:1.0]]
[2020.06.01-13.29.48:856][  0]LogConfig: Setting CVar [[r.DepthOfFieldQuality:2]]
[2020.06.01-13.29.48:856][  0]LogConfig: Setting CVar [[r.RenderTargetPoolMin:400]]
[2020.06.01-13.29.48:856][  0]LogConfig: Setting CVar [[r.LensFlareQuality:2]]
[2020.06.01-13.29.48:856][  0]LogConfig: Setting CVar [[r.SceneColorFringeQuality:1]]
[2020.06.01-13.29.48:856][  0]LogConfig: Setting CVar [[r.EyeAdaptationQuality:2]]
[2020.06.01-13.29.48:856][  0]LogConfig: Setting CVar [[r.BloomQuality:5]]
[2020.06.01-13.29.48:856][  0]LogConfig: Setting CVar [[r.FastBlurThreshold:100]]
[2020.06.01-13.29.48:856][  0]LogConfig: Setting CVar [[r.Upscale.Quality:3]]
[2020.06.01-13.29.48:856][  0]LogConfig: Setting CVar [[r.Tonemapper.GrainQuantization:1]]
[2020.06.01-13.29.48:856][  0]LogConfig: Setting CVar [[r.LightShaftQuality:1]]
[2020.06.01-13.29.48:856][  0]LogConfig: Setting CVar [[r.Filter.SizeScale:1]]
[2020.06.01-13.29.48:856][  0]LogConfig: Setting CVar [[r.Tonemapper.Quality:5]]
[2020.06.01-13.29.48:856][  0]LogConfig: Setting CVar [[r.DOF.Gather.AccumulatorQuality:1        ; higher gathering accumulator quality]]
[2020.06.01-13.29.48:856][  0]LogConfig: Setting CVar [[r.DOF.Gather.PostfilterMethod:1          ; Median3x3 postfilering method]]
[2020.06.01-13.29.48:856][  0]LogConfig: Setting CVar [[r.DOF.Gather.EnableBokehSettings:0       ; no bokeh simulation when gathering]]
[2020.06.01-13.29.48:856][  0]LogConfig: Setting CVar [[r.DOF.Gather.RingCount:4                 ; medium number of samples when gathering]]
[2020.06.01-13.29.48:856][  0]LogConfig: Setting CVar [[r.DOF.Scatter.ForegroundCompositing:1    ; additive foreground scattering]]
[2020.06.01-13.29.48:856][  0]LogConfig: Setting CVar [[r.DOF.Scatter.BackgroundCompositing:2    ; additive background scattering]]
[2020.06.01-13.29.48:856][  0]LogConfig: Setting CVar [[r.DOF.Scatter.EnableBokehSettings:1      ; bokeh simulation when scattering]]
[2020.06.01-13.29.48:856][  0]LogConfig: Setting CVar [[r.DOF.Scatter.MaxSpriteRatio:0.1         ; only a maximum of 10% of scattered bokeh]]
[2020.06.01-13.29.48:856][  0]LogConfig: Setting CVar [[r.DOF.Recombine.Quality:1                ; cheap slight out of focus]]
[2020.06.01-13.29.48:856][  0]LogConfig: Setting CVar [[r.DOF.Recombine.EnableBokehSettings:0    ; no bokeh simulation on slight out of focus]]
[2020.06.01-13.29.48:856][  0]LogConfig: Setting CVar [[r.DOF.TemporalAAQuality:1                ; more stable temporal accumulation]]
[2020.06.01-13.29.48:856][  0]LogConfig: Setting CVar [[r.DOF.Kernel.MaxForegroundRadius:0.025]]
[2020.06.01-13.29.48:856][  0]LogConfig: Setting CVar [[r.DOF.Kernel.MaxBackgroundRadius:0.025]]
[2020.06.01-13.29.48:856][  0]LogConfig: Applying CVar settings from Section [TextureQuality@3] File [/home/jc/2020APErkhembaatar/English20Time/Saved/Config/Linux/Scalability.ini]
[2020.06.01-13.29.48:856][  0]LogConfig: Setting CVar [[r.Streaming.MipBias:0]]
[2020.06.01-13.29.48:856][  0]LogConfig: Setting CVar [[r.Streaming.AmortizeCPUToGPUCopy:0]]
[2020.06.01-13.29.48:856][  0]LogConfig: Setting CVar [[r.Streaming.MaxNumTexturesToStreamPerFrame:0]]
[2020.06.01-13.29.48:856][  0]LogConfig: Setting CVar [[r.Streaming.Boost:1]]
[2020.06.01-13.29.48:856][  0]LogConfig: Setting CVar [[r.MaxAnisotropy:8]]
[2020.06.01-13.29.48:856][  0]LogConfig: Setting CVar [[r.VT.MaxAnisotropy:8]]
[2020.06.01-13.29.48:856][  0]LogConfig: Setting CVar [[r.Streaming.LimitPoolSizeToVRAM:0]]
[2020.06.01-13.29.48:856][  0]LogConfig: Setting CVar [[r.Streaming.PoolSize:1000]]
[2020.06.01-13.29.48:856][  0]LogConfig: Setting CVar [[r.Streaming.MaxEffectiveScreenSize:0]]
[2020.06.01-13.29.48:856][  0]LogConfig: Applying CVar settings from Section [EffectsQuality@3] File [/home/jc/2020APErkhembaatar/English20Time/Saved/Config/Linux/Scalability.ini]
[2020.06.01-13.29.48:856][  0]LogConfig: Setting CVar [[r.TranslucencyLightingVolumeDim:64]]
[2020.06.01-13.29.48:856][  0]LogConfig: Setting CVar [[r.RefractionQuality:2]]
[2020.06.01-13.29.48:856][  0]LogConfig: Setting CVar [[r.SSR.Quality:3]]
[2020.06.01-13.29.48:856][  0]LogConfig: Setting CVar [[r.SSR.HalfResSceneColor:0]]
[2020.06.01-13.29.48:856][  0]LogConfig: Setting CVar [[r.SceneColorFormat:4]]
[2020.06.01-13.29.48:856][  0]LogConfig: Setting CVar [[r.DetailMode:2]]
[2020.06.01-13.29.48:856][  0]LogConfig: Setting CVar [[r.TranslucencyVolumeBlur:1]]
[2020.06.01-13.29.48:857][  0]LogConfig: Setting CVar [[r.MaterialQualityLevel:1 ; High quality]]
[2020.06.01-13.29.48:857][  0]LogConfig: Setting CVar [[r.SSS.Scale:1]]
[2020.06.01-13.29.48:857][  0]LogConfig: Setting CVar [[r.SSS.SampleSet:2]]
[2020.06.01-13.29.48:857][  0]LogConfig: Setting CVar [[r.SSS.Quality:1]]
[2020.06.01-13.29.48:857][  0]LogConfig: Setting CVar [[r.SSS.HalfRes:0]]
[2020.06.01-13.29.48:857][  0]LogConfig: Setting CVar [[r.SSGI.Quality:3]]
[2020.06.01-13.29.48:857][  0]LogConfig: Setting CVar [[r.EmitterSpawnRateScale:1.0]]
[2020.06.01-13.29.48:857][  0]LogConfig: Setting CVar [[r.ParticleLightQuality:2]]
[2020.06.01-13.29.48:857][  0]LogConfig: Setting CVar [[r.SkyAtmosphere.AerialPerspectiveLUT.FastApplyOnOpaque:1 ; Always have FastSkyLUT 1 in this case to avoid wrong sky]]
[2020.06.01-13.29.48:857][  0]LogConfig: Setting CVar [[r.SkyAtmosphere.AerialPerspectiveLUT.SampleCountPerSlice:1]]
[2020.06.01-13.29.48:857][  0]LogConfig: Setting CVar [[r.SkyAtmosphere.AerialPerspectiveLUT.DepthResolution:16.0]]
[2020.06.01-13.29.48:857][  0]LogConfig: Setting CVar [[r.SkyAtmosphere.FastSkyLUT:1]]
[2020.06.01-13.29.48:857][  0]LogConfig: Setting CVar [[r.SkyAtmosphere.FastSkyLUT.SampleCountMin:4.0]]
[2020.06.01-13.29.48:857][  0]LogConfig: Setting CVar [[r.SkyAtmosphere.FastSkyLUT.SampleCountMax:32.0]]
[2020.06.01-13.29.48:857][  0]LogConfig: Setting CVar [[r.SkyAtmosphere.SampleCountMin:4.0]]
[2020.06.01-13.29.48:857][  0]LogConfig: Setting CVar [[r.SkyAtmosphere.SampleCountMax:32.0]]
[2020.06.01-13.29.48:857][  0]LogConfig: Setting CVar [[r.SkyAtmosphere.TransmittanceLUT.UseSmallFormat:0]]
[2020.06.01-13.29.48:857][  0]LogConfig: Setting CVar [[r.SkyAtmosphere.TransmittanceLUT.SampleCount:10.0]]
[2020.06.01-13.29.48:857][  0]LogConfig: Setting CVar [[r.SkyAtmosphere.MultiScatteringLUT.SampleCount:15.0]]
[2020.06.01-13.29.48:857][  0]LogConfig: Applying CVar settings from Section [FoliageQuality@3] File [/home/jc/2020APErkhembaatar/English20Time/Saved/Config/Linux/Scalability.ini]
[2020.06.01-13.29.48:857][  0]LogConfig: Setting CVar [[foliage.DensityScale:1.0]]
[2020.06.01-13.29.48:857][  0]LogConfig: Setting CVar [[grass.DensityScale:1.0]]
[2020.06.01-13.29.48:857][  0]LogConfig: Applying CVar settings from Section [ShadingQuality@3] File [/home/jc/2020APErkhembaatar/English20Time/Saved/Config/Linux/Scalability.ini]
[2020.06.01-13.29.48:857][  0]LogConfig: Setting CVar [[r.HairStrands.SkyLighting.SampleCount:16]]
[2020.06.01-13.29.48:857][  0]LogConfig: Setting CVar [[r.HairStrands.SkyLighting.JitterIntegration:0]]
[2020.06.01-13.29.48:857][  0]LogConfig: Setting CVar [[r.HairStrands.SkyAO.SampleCount:16]]
[2020.06.01-13.29.48:857][  0]LogConfig: Setting CVar [[r.HairStrands.DeepShadow.SuperSampling:0]]
[2020.06.01-13.29.48:857][  0]LogConfig: Setting CVar [[r.HairStrands.VisibilityPPLL:0]]
[2020.06.01-13.29.48:857][  0]LogConfig: Setting CVar [[r.HairStrands.RasterizationScale:0.5]]
[2020.06.01-13.29.48:857][  0]LogConfig: Setting CVar [[r.HairStrands.VelocityRasterizationScale:1]]
[2020.06.01-13.29.48:857][  0]LogLinux: Selected Device Profile: [Linux]
[2020.06.01-13.29.48:857][  0]LogInit: Applying CVar settings loaded from the selected device profile: [Linux]
[2020.06.01-13.29.48:857][  0]LogHAL: Display: Platform has ~ 4 GB [6089879552 / 4294967296 / 6], which maps to Smallest [LargestMinGB=32, LargerMinGB=12, DefaultMinGB=8, SmallerMinGB=6, SmallestMinGB=0)
[2020.06.01-13.29.48:857][  0]LogInit: Going up to parent DeviceProfile []
[2020.06.01-13.29.48:857][  0]LogConfig: Applying CVar settings from Section [ViewDistanceQuality@3] File [/home/jc/2020APErkhembaatar/English20Time/Saved/Config/Linux/Scalability.ini]
[2020.06.01-13.29.48:857][  0]LogConfig: Setting CVar [[r.SkeletalMeshLODBias:0]]
[2020.06.01-13.29.48:857][  0]LogConfig: Setting CVar [[r.ViewDistanceScale:1.0]]
[2020.06.01-13.29.48:857][  0]LogConfig: Applying CVar settings from Section [AntiAliasingQuality@3] File [/home/jc/2020APErkhembaatar/English20Time/Saved/Config/Linux/Scalability.ini]
[2020.06.01-13.29.48:857][  0]LogConfig: Setting CVar [[r.PostProcessAAQuality:4]]
[2020.06.01-13.29.48:857][  0]LogConfig: Applying CVar settings from Section [ShadowQuality@3] File [/home/jc/2020APErkhembaatar/English20Time/Saved/Config/Linux/Scalability.ini]
[2020.06.01-13.29.48:857][  0]LogConfig: Setting CVar [[r.LightFunctionQuality:1]]
[2020.06.01-13.29.48:857][  0]LogConfig: Setting CVar [[r.ShadowQuality:5]]
[2020.06.01-13.29.48:857][  0]LogConfig: Setting CVar [[r.Shadow.CSM.MaxCascades:10]]
[2020.06.01-13.29.48:858][  0]LogConfig: Setting CVar [[r.Shadow.MaxResolution:2048]]
[2020.06.01-13.29.48:858][  0]LogConfig: Setting CVar [[r.Shadow.MaxCSMResolution:2048]]
[2020.06.01-13.29.48:858][  0]LogConfig: Setting CVar [[r.Shadow.RadiusThreshold:0.01]]
[2020.06.01-13.29.48:858][  0]LogConfig: Setting CVar [[r.Shadow.DistanceScale:1.0]]
[2020.06.01-13.29.48:858][  0]LogConfig: Setting CVar [[r.Shadow.CSM.TransitionScale:1.0]]
[2020.06.01-13.29.48:858][  0]LogConfig: Setting CVar [[r.Shadow.PreShadowResolutionFactor:1.0]]
[2020.06.01-13.29.48:858][  0]LogConfig: Setting CVar [[r.DistanceFieldShadowing:1]]
[2020.06.01-13.29.48:858][  0]LogConfig: Setting CVar [[r.DistanceFieldAO:1]]
[2020.06.01-13.29.48:858][  0]LogConfig: Setting CVar [[r.AOQuality:2]]
[2020.06.01-13.29.48:858][  0]LogConfig: Setting CVar [[r.VolumetricFog:1]]
[2020.06.01-13.29.48:858][  0]LogConfig: Setting CVar [[r.VolumetricFog.GridPixelSize:8]]
[2020.06.01-13.29.48:858][  0]LogConfig: Setting CVar [[r.VolumetricFog.GridSizeZ:128]]
[2020.06.01-13.29.48:858][  0]LogConfig: Setting CVar [[r.VolumetricFog.HistoryMissSupersampleCount:4]]
[2020.06.01-13.29.48:858][  0]LogConfig: Setting CVar [[r.LightMaxDrawDistanceScale:1]]
[2020.06.01-13.29.48:858][  0]LogConfig: Setting CVar [[r.CapsuleShadows:1]]
[2020.06.01-13.29.48:858][  0]LogConfig: Applying CVar settings from Section [PostProcessQuality@3] File [/home/jc/2020APErkhembaatar/English20Time/Saved/Config/Linux/Scalability.ini]
[2020.06.01-13.29.48:858][  0]LogConfig: Setting CVar [[r.MotionBlurQuality:4]]
[2020.06.01-13.29.48:858][  0]LogConfig: Setting CVar [[r.AmbientOcclusionMipLevelFactor:0.4]]
[2020.06.01-13.29.48:858][  0]LogConfig: Setting CVar [[r.AmbientOcclusionMaxQuality:100]]
[2020.06.01-13.29.48:858][  0]LogConfig: Setting CVar [[r.AmbientOcclusionLevels:-1]]
[2020.06.01-13.29.48:858][  0]LogConfig: Setting CVar [[r.AmbientOcclusionRadiusScale:1.0]]
[2020.06.01-13.29.48:858][  0]LogConfig: Setting CVar [[r.DepthOfFieldQuality:2]]
[2020.06.01-13.29.48:858][  0]LogConfig: Setting CVar [[r.RenderTargetPoolMin:400]]
[2020.06.01-13.29.48:858][  0]LogConfig: Setting CVar [[r.LensFlareQuality:2]]
[2020.06.01-13.29.48:858][  0]LogConfig: Setting CVar [[r.SceneColorFringeQuality:1]]
[2020.06.01-13.29.48:858][  0]LogConfig: Setting CVar [[r.EyeAdaptationQuality:2]]
[2020.06.01-13.29.48:858][  0]LogConfig: Setting CVar [[r.BloomQuality:5]]
[2020.06.01-13.29.48:858][  0]LogConfig: Setting CVar [[r.FastBlurThreshold:100]]
[2020.06.01-13.29.48:858][  0]LogConfig: Setting CVar [[r.Upscale.Quality:3]]
[2020.06.01-13.29.48:858][  0]LogConfig: Setting CVar [[r.Tonemapper.GrainQuantization:1]]
[2020.06.01-13.29.48:858][  0]LogConfig: Setting CVar [[r.LightShaftQuality:1]]
[2020.06.01-13.29.48:858][  0]LogConfig: Setting CVar [[r.Filter.SizeScale:1]]
[2020.06.01-13.29.48:858][  0]LogConfig: Setting CVar [[r.Tonemapper.Quality:5]]
[2020.06.01-13.29.48:858][  0]LogConfig: Setting CVar [[r.DOF.Gather.AccumulatorQuality:1        ; higher gathering accumulator quality]]
[2020.06.01-13.29.48:858][  0]LogConfig: Setting CVar [[r.DOF.Gather.PostfilterMethod:1          ; Median3x3 postfilering method]]
[2020.06.01-13.29.48:858][  0]LogConfig: Setting CVar [[r.DOF.Gather.EnableBokehSettings:0       ; no bokeh simulation when gathering]]
[2020.06.01-13.29.48:858][  0]LogConfig: Setting CVar [[r.DOF.Gather.RingCount:4                 ; medium number of samples when gathering]]
[2020.06.01-13.29.48:858][  0]LogConfig: Setting CVar [[r.DOF.Scatter.ForegroundCompositing:1    ; additive foreground scattering]]
[2020.06.01-13.29.48:858][  0]LogConfig: Setting CVar [[r.DOF.Scatter.BackgroundCompositing:2    ; additive background scattering]]
[2020.06.01-13.29.48:858][  0]LogConfig: Setting CVar [[r.DOF.Scatter.EnableBokehSettings:1      ; bokeh simulation when scattering]]
[2020.06.01-13.29.48:858][  0]LogConfig: Setting CVar [[r.DOF.Scatter.MaxSpriteRatio:0.1         ; only a maximum of 10% of scattered bokeh]]
[2020.06.01-13.29.48:858][  0]LogConfig: Setting CVar [[r.DOF.Recombine.Quality:1                ; cheap slight out of focus]]
[2020.06.01-13.29.48:858][  0]LogConfig: Setting CVar [[r.DOF.Recombine.EnableBokehSettings:0    ; no bokeh simulation on slight out of focus]]
[2020.06.01-13.29.48:858][  0]LogConfig: Setting CVar [[r.DOF.TemporalAAQuality:1                ; more stable temporal accumulation]]
[2020.06.01-13.29.48:858][  0]LogConfig: Setting CVar [[r.DOF.Kernel.MaxForegroundRadius:0.025]]
[2020.06.01-13.29.48:858][  0]LogConfig: Setting CVar [[r.DOF.Kernel.MaxBackgroundRadius:0.025]]
[2020.06.01-13.29.48:858][  0]LogConfig: Applying CVar settings from Section [TextureQuality@3] File [/home/jc/2020APErkhembaatar/English20Time/Saved/Config/Linux/Scalability.ini]
[2020.06.01-13.29.48:858][  0]LogConfig: Setting CVar [[r.Streaming.MipBias:0]]
[2020.06.01-13.29.48:858][  0]LogConfig: Setting CVar [[r.Streaming.AmortizeCPUToGPUCopy:0]]
[2020.06.01-13.29.48:858][  0]LogConfig: Setting CVar [[r.Streaming.MaxNumTexturesToStreamPerFrame:0]]
[2020.06.01-13.29.48:858][  0]LogConfig: Setting CVar [[r.Streaming.Boost:1]]
[2020.06.01-13.29.48:858][  0]LogConfig: Setting CVar [[r.MaxAnisotropy:8]]
[2020.06.01-13.29.48:859][  0]LogConfig: Setting CVar [[r.VT.MaxAnisotropy:8]]
[2020.06.01-13.29.48:859][  0]LogConfig: Setting CVar [[r.Streaming.LimitPoolSizeToVRAM:0]]
[2020.06.01-13.29.48:859][  0]LogConfig: Setting CVar [[r.Streaming.PoolSize:1000]]
[2020.06.01-13.29.48:859][  0]LogConfig: Setting CVar [[r.Streaming.MaxEffectiveScreenSize:0]]
[2020.06.01-13.29.48:859][  0]LogConfig: Applying CVar settings from Section [EffectsQuality@3] File [/home/jc/2020APErkhembaatar/English20Time/Saved/Config/Linux/Scalability.ini]
[2020.06.01-13.29.48:859][  0]LogConfig: Setting CVar [[r.TranslucencyLightingVolumeDim:64]]
[2020.06.01-13.29.48:859][  0]LogConfig: Setting CVar [[r.RefractionQuality:2]]
[2020.06.01-13.29.48:859][  0]LogConfig: Setting CVar [[r.SSR.Quality:3]]
[2020.06.01-13.29.48:859][  0]LogConfig: Setting CVar [[r.SSR.HalfResSceneColor:0]]
[2020.06.01-13.29.48:859][  0]LogConfig: Setting CVar [[r.SceneColorFormat:4]]
[2020.06.01-13.29.48:859][  0]LogConfig: Setting CVar [[r.DetailMode:2]]
[2020.06.01-13.29.48:859][  0]LogConfig: Setting CVar [[r.TranslucencyVolumeBlur:1]]
[2020.06.01-13.29.48:859][  0]LogConfig: Setting CVar [[r.MaterialQualityLevel:1 ; High quality]]
[2020.06.01-13.29.48:859][  0]LogConfig: Setting CVar [[r.SSS.Scale:1]]
[2020.06.01-13.29.48:859][  0]LogConfig: Setting CVar [[r.SSS.SampleSet:2]]
[2020.06.01-13.29.48:859][  0]LogConfig: Setting CVar [[r.SSS.Quality:1]]
[2020.06.01-13.29.48:859][  0]LogConfig: Setting CVar [[r.SSS.HalfRes:0]]
[2020.06.01-13.29.48:859][  0]LogConfig: Setting CVar [[r.SSGI.Quality:3]]
[2020.06.01-13.29.48:859][  0]LogConfig: Setting CVar [[r.EmitterSpawnRateScale:1.0]]
[2020.06.01-13.29.48:859][  0]LogConfig: Setting CVar [[r.ParticleLightQuality:2]]
[2020.06.01-13.29.48:859][  0]LogConfig: Setting CVar [[r.SkyAtmosphere.AerialPerspectiveLUT.FastApplyOnOpaque:1 ; Always have FastSkyLUT 1 in this case to avoid wrong sky]]
[2020.06.01-13.29.48:859][  0]LogConfig: Setting CVar [[r.SkyAtmosphere.AerialPerspectiveLUT.SampleCountPerSlice:1]]
[2020.06.01-13.29.48:859][  0]LogConfig: Setting CVar [[r.SkyAtmosphere.AerialPerspectiveLUT.DepthResolution:16.0]]
[2020.06.01-13.29.48:859][  0]LogConfig: Setting CVar [[r.SkyAtmosphere.FastSkyLUT:1]]
[2020.06.01-13.29.48:859][  0]LogConfig: Setting CVar [[r.SkyAtmosphere.FastSkyLUT.SampleCountMin:4.0]]
[2020.06.01-13.29.48:859][  0]LogConfig: Setting CVar [[r.SkyAtmosphere.FastSkyLUT.SampleCountMax:32.0]]
[2020.06.01-13.29.48:859][  0]LogConfig: Setting CVar [[r.SkyAtmosphere.SampleCountMin:4.0]]
[2020.06.01-13.29.48:859][  0]LogConfig: Setting CVar [[r.SkyAtmosphere.SampleCountMax:32.0]]
[2020.06.01-13.29.48:859][  0]LogConfig: Setting CVar [[r.SkyAtmosphere.TransmittanceLUT.UseSmallFormat:0]]
[2020.06.01-13.29.48:859][  0]LogConfig: Setting CVar [[r.SkyAtmosphere.TransmittanceLUT.SampleCount:10.0]]
[2020.06.01-13.29.48:859][  0]LogConfig: Setting CVar [[r.SkyAtmosphere.MultiScatteringLUT.SampleCount:15.0]]
[2020.06.01-13.29.48:859][  0]LogConfig: Applying CVar settings from Section [FoliageQuality@3] File [/home/jc/2020APErkhembaatar/English20Time/Saved/Config/Linux/Scalability.ini]
[2020.06.01-13.29.48:859][  0]LogConfig: Setting CVar [[foliage.DensityScale:1.0]]
[2020.06.01-13.29.48:859][  0]LogConfig: Setting CVar [[grass.DensityScale:1.0]]
[2020.06.01-13.29.48:859][  0]LogConfig: Applying CVar settings from Section [ShadingQuality@3] File [/home/jc/2020APErkhembaatar/English20Time/Saved/Config/Linux/Scalability.ini]
[2020.06.01-13.29.48:859][  0]LogConfig: Setting CVar [[r.HairStrands.SkyLighting.SampleCount:16]]
[2020.06.01-13.29.48:859][  0]LogConfig: Setting CVar [[r.HairStrands.SkyLighting.JitterIntegration:0]]
[2020.06.01-13.29.48:859][  0]LogConfig: Setting CVar [[r.HairStrands.SkyAO.SampleCount:16]]
[2020.06.01-13.29.48:859][  0]LogConfig: Setting CVar [[r.HairStrands.DeepShadow.SuperSampling:0]]
[2020.06.01-13.29.48:859][  0]LogConfig: Setting CVar [[r.HairStrands.VisibilityPPLL:0]]
[2020.06.01-13.29.48:859][  0]LogConfig: Setting CVar [[r.HairStrands.RasterizationScale:0.5]]
[2020.06.01-13.29.48:859][  0]LogConfig: Setting CVar [[r.HairStrands.VelocityRasterizationScale:1]]
[2020.06.01-13.29.48:859][  0]LogConfig: Applying CVar settings from Section [Startup] File [../../../Engine/Config/ConsoleVariables.ini]
[2020.06.01-13.29.48:859][  0]LogConfig: Setting CVar [[net.UseAdaptiveNetUpdateFrequency:0]]
[2020.06.01-13.29.48:859][  0]LogConfig: Setting CVar [[p.chaos.AllowCreatePhysxBodies:1]]
[2020.06.01-13.29.48:860][  0]LogConfig: Setting CVar [[fx.SkipVectorVMBackendOptimizations:1]]
[2020.06.01-13.29.48:860][  0]LogConfig: Applying CVar settings from Section [ConsoleVariables] File [/home/jc/2020APErkhembaatar/English20Time/Saved/Config/Linux/Engine.ini]
[2020.06.01-13.29.48:860][  0]LogConfig: Setting CVar [[g.TimeoutForBlockOnRenderFence:60000]]
[2020.06.01-13.29.48:860][  0]LogInit: Unix hardware info:
[2020.06.01-13.29.48:860][  0]LogInit:  - we are the first instance of this executable
[2020.06.01-13.29.48:860][  0]LogInit:  - this process' id (pid) is 1016, parent process' id (ppid) is 1
[2020.06.01-13.29.48:860][  0]LogInit:  - we are not running under debugger
[2020.06.01-13.29.48:860][  0]LogInit:  - machine network name is 'JC'
[2020.06.01-13.29.48:860][  0]LogInit:  - user name is 'jc' (jc)
[2020.06.01-13.29.48:860][  0]LogInit:  - we're logged in locally
[2020.06.01-13.29.48:860][  0]LogInit:  - we're running with rendering
[2020.06.01-13.29.48:860][  0]LogInit:  - CPU: GenuineIntel 'Intel(R) Core(TM) i5-6200U CPU @ 2.30GHz' (signature: 0x406E3)
[2020.06.01-13.29.48:860][  0]LogInit:  - Number of physical cores available for the process: 2
[2020.06.01-13.29.48:860][  0]LogInit:  - Number of logical cores available for the process: 4
[2020.06.01-13.29.48:860][  0]LogInit:  - Cache line size: 64
[2020.06.01-13.29.48:860][  0]LogInit:  - Memory allocator used: binned2
[2020.06.01-13.29.48:860][  0]LogInit:  - This binary is optimized with LTO: no, PGO: no, instrumented for PGO data collection: no
[2020.06.01-13.29.48:860][  0]LogInit:  - This is an internal build.
[2020.06.01-13.29.48:860][  0]LogCore: Benchmarking clocks:
[2020.06.01-13.29.48:860][  0]LogCore:  - CLOCK_MONOTONIC (id=1) can sustain 43342958 (43343K, 43M) calls per second without zero deltas.
[2020.06.01-13.29.48:860][  0]LogCore:  - CLOCK_MONOTONIC_RAW (id=4) can sustain 44459096 (44459K, 44M) calls per second without zero deltas.
[2020.06.01-13.29.48:860][  0]LogCore:  - CLOCK_MONOTONIC_COARSE (id=6) can sustain 136014564 (136015K, 136M) calls per second with 99.999772% zero deltas.
[2020.06.01-13.29.48:860][  0]LogCore: Selected clock_id 4 (CLOCK_MONOTONIC_RAW) since it is the fastest support clock without zero deltas.
[2020.06.01-13.29.48:860][  0]LogInit: Unix-specific commandline switches:
[2020.06.01-13.29.48:860][  0]LogInit:  -ansimalloc - use malloc()/free() from libc (useful for tools like valgrind and electric fence)
[2020.06.01-13.29.48:860][  0]LogInit:  -jemalloc - use jemalloc for all memory allocation
[2020.06.01-13.29.48:860][  0]LogInit:  -binnedmalloc - use binned malloc  for all memory allocation
[2020.06.01-13.29.48:860][  0]LogInit:  -filemapcachesize=NUMBER - set the size for case-sensitive file mapping cache
[2020.06.01-13.29.48:860][  0]LogInit:  -useksm - uses kernel same-page mapping (KSM) for mapped memory (OFF)
[2020.06.01-13.29.48:860][  0]LogInit:  -ksmmergeall - marks all mmap'd memory pages suitable for KSM (OFF)
[2020.06.01-13.29.48:860][  0]LogInit:  -preloadmodulesymbols - Loads the main module symbols file into memory (OFF)
[2020.06.01-13.29.48:860][  0]LogInit:  -sigdfl=SIGNAL - Allows a specific signal to be set to its default handler rather then ignoring the signal
[2020.06.01-13.29.48:860][  0]LogInit:  -httpproxy=ADDRESS:PORT - redirects HTTP requests to a proxy (only supported if compiled with libcurl)
[2020.06.01-13.29.48:860][  0]LogInit:  -reuseconn - allow libcurl to reuse HTTP connections (only matters if compiled with libcurl)
[2020.06.01-13.29.48:860][  0]LogInit:  -virtmemkb=NUMBER - sets process virtual memory (address space) limit (overrides VirtualMemoryLimitInKB value from .ini)
[2020.06.01-13.29.48:860][  0]LogInit:  - Physical RAM available (not considering process quota): 6 GB (5807 MB, 5947148 KB, 6089879552 bytes)
[2020.06.01-13.29.48:861][  0]LogInit:  - VirtualMemoryAllocator pools will grow at scale 1.4
[2020.06.01-13.29.48:861][  0]LogInit:  - MemoryRangeDecommit() will be a no-op (re-run with -vmapoolevict to change)
[2020.06.01-13.29.49:265][  0]LogInit: Physics initialised using underlying interface: PhysX
[2020.06.01-13.29.49:330][  0]LogInit: Using OS detected language (en-US).
[2020.06.01-13.29.49:330][  0]LogInit: Using OS detected locale (en-US).
[2020.06.01-13.29.49:331][  0]LogTextLocalizationManager: No specific localization for 'en-US' exists, so the 'en' localization will be used.
[2020.06.01-13.29.49:617][  0]LogSlate: New Slate User Created.  User Index 0, Is Virtual User: 0
[2020.06.01-13.29.49:617][  0]LogSlate: Slate User Registered.  User Index 0, Is Virtual User: 0
[2020.06.01-13.29.50:305][  0]LogInit: Using SDL_WINDOW_OPENGL
[2020.06.01-13.29.50:916][  0]Message dialog closed, result: Ok, title: Message, text: Warning: OpenGL is deprecated, please use Vulkan.
[2020.06.01-13.29.50:921][  0]LogRHI: Initializing OpenGL RHI
[2020.06.01-13.29.50:921][  0]LogRHI:   GL_VENDOR: Intel
[2020.06.01-13.29.50:921][  0]LogRHI:   GL_RENDERER: Mesa Intel(R) HD Graphics 520 (SKL GT2)
[2020.06.01-13.29.50:921][  0]LogRHI:   GL_VERSION: 4.6 (Core Profile) Mesa 20.0.7
[2020.06.01-13.29.50:921][  0]LogRHI:   GL_SHADING_LANGUAGE_VERSION: 4.60
[2020.06.01-13.29.50:921][  0]LogRHI: OpenGL Extensions:
[2020.06.01-13.29.50:921][  0]LogRHI:   GL_3DFX_texture_compression_FXT1
[2020.06.01-13.29.50:921][  0]LogRHI:   GL_AMD_conservative_depth
[2020.06.01-13.29.50:921][  0]LogRHI:   GL_AMD_depth_clamp_separate
[2020.06.01-13.29.50:921][  0]LogRHI:   GL_AMD_draw_buffers_blend
[2020.06.01-13.29.50:921][  0]LogRHI:   GL_AMD_gpu_shader_int64
[2020.06.01-13.29.50:921][  0]LogRHI:   GL_AMD_multi_draw_indirect
[2020.06.01-13.29.50:921][  0]LogRHI:   GL_AMD_performance_monitor
[2020.06.01-13.29.50:921][  0]LogRHI:   GL_AMD_pinned_memory
[2020.06.01-13.29.50:921][  0]LogRHI:   GL_AMD_query_buffer_object
[2020.06.01-13.29.50:921][  0]LogRHI:   GL_AMD_seamless_cubemap_per_texture
[2020.06.01-13.29.50:921][  0]LogRHI:   GL_AMD_shader_stencil_export
[2020.06.01-13.29.50:921][  0]LogRHI:   GL_AMD_shader_trinary_minmax
[2020.06.01-13.29.50:921][  0]LogRHI:   GL_AMD_texture_texture4
[2020.06.01-13.29.50:921][  0]LogRHI:   GL_AMD_vertex_shader_layer
[2020.06.01-13.29.50:921][  0]LogRHI:   GL_AMD_vertex_shader_viewport_index
[2020.06.01-13.29.50:921][  0]LogRHI:   GL_ANGLE_texture_compression_dxt3
[2020.06.01-13.29.50:921][  0]LogRHI:   GL_ANGLE_texture_compression_dxt5
[2020.06.01-13.29.50:921][  0]LogRHI:   GL_ARB_ES2_compatibility
[2020.06.01-13.29.50:921][  0]LogRHI:   GL_ARB_ES3_1_compatibility
[2020.06.01-13.29.50:921][  0]LogRHI:   GL_ARB_ES3_2_compatibility
[2020.06.01-13.29.50:921][  0]LogRHI:   GL_ARB_ES3_compatibility
[2020.06.01-13.29.50:921][  0]LogRHI:   GL_ARB_arrays_of_arrays
[2020.06.01-13.29.50:921][  0]LogRHI:   GL_ARB_base_instance
[2020.06.01-13.29.50:921][  0]LogRHI:   GL_ARB_blend_func_extended
[2020.06.01-13.29.50:921][  0]LogRHI:   GL_ARB_buffer_storage
[2020.06.01-13.29.50:921][  0]LogRHI:   GL_ARB_clear_buffer_object
[2020.06.01-13.29.50:921][  0]LogRHI:   GL_ARB_clear_texture
[2020.06.01-13.29.50:921][  0]LogRHI:   GL_ARB_clip_control
[2020.06.01-13.29.50:921][  0]LogRHI:   GL_ARB_compressed_texture_pixel_storage
[2020.06.01-13.29.50:921][  0]LogRHI:   GL_ARB_compute_shader
[2020.06.01-13.29.50:922][  0]LogRHI:   GL_ARB_conditional_render_inverted
[2020.06.01-13.29.50:922][  0]LogRHI:   GL_ARB_conservative_depth
[2020.06.01-13.29.50:922][  0]LogRHI:   GL_ARB_copy_buffer
[2020.06.01-13.29.50:922][  0]LogRHI:   GL_ARB_copy_image
[2020.06.01-13.29.50:922][  0]LogRHI:   GL_ARB_cull_distance
[2020.06.01-13.29.50:922][  0]LogRHI:   GL_ARB_debug_output
[2020.06.01-13.29.50:922][  0]LogRHI:   GL_ARB_depth_buffer_float
[2020.06.01-13.29.50:922][  0]LogRHI:   GL_ARB_depth_clamp
[2020.06.01-13.29.50:922][  0]LogRHI:   GL_ARB_derivative_control
[2020.06.01-13.29.50:922][  0]LogRHI:   GL_ARB_direct_state_access
[2020.06.01-13.29.50:922][  0]LogRHI:   GL_ARB_draw_buffers
[2020.06.01-13.29.50:922][  0]LogRHI:   GL_ARB_draw_buffers_blend
[2020.06.01-13.29.50:922][  0]LogRHI:   GL_ARB_draw_elements_base_vertex
[2020.06.01-13.29.50:922][  0]LogRHI:   GL_ARB_draw_indirect
[2020.06.01-13.29.50:922][  0]LogRHI:   GL_ARB_draw_instanced
[2020.06.01-13.29.50:922][  0]LogRHI:   GL_ARB_enhanced_layouts
[2020.06.01-13.29.50:922][  0]LogRHI:   GL_ARB_explicit_attrib_location
[2020.06.01-13.29.50:922][  0]LogRHI:   GL_ARB_explicit_uniform_location
[2020.06.01-13.29.50:922][  0]LogRHI:   GL_ARB_fragment_coord_conventions
[2020.06.01-13.29.50:922][  0]LogRHI:   GL_ARB_fragment_layer_viewport
[2020.06.01-13.29.50:922][  0]LogRHI:   GL_ARB_fragment_shader
[2020.06.01-13.29.50:922][  0]LogRHI:   GL_ARB_fragment_shader_interlock
[2020.06.01-13.29.50:922][  0]LogRHI:   GL_ARB_framebuffer_no_attachments
[2020.06.01-13.29.50:922][  0]LogRHI:   GL_ARB_framebuffer_object
[2020.06.01-13.29.50:922][  0]LogRHI:   GL_ARB_framebuffer_sRGB
[2020.06.01-13.29.50:922][  0]LogRHI:   GL_ARB_get_program_binary
[2020.06.01-13.29.50:922][  0]LogRHI:   GL_ARB_get_texture_sub_image
[2020.06.01-13.29.50:922][  0]LogRHI:   GL_ARB_gl_spirv
[2020.06.01-13.29.50:922][  0]LogRHI:   GL_ARB_gpu_shader5
[2020.06.01-13.29.50:922][  0]LogRHI:   GL_ARB_gpu_shader_fp64
[2020.06.01-13.29.50:922][  0]LogRHI:   GL_ARB_gpu_shader_int64
[2020.06.01-13.29.50:922][  0]LogRHI:   GL_ARB_half_float_pixel
[2020.06.01-13.29.50:922][  0]LogRHI:   GL_ARB_half_float_vertex
[2020.06.01-13.29.50:922][  0]LogRHI:   GL_ARB_indirect_parameters
[2020.06.01-13.29.50:922][  0]LogRHI:   GL_ARB_instanced_arrays
[2020.06.01-13.29.50:922][  0]LogRHI:   GL_ARB_internalformat_query
[2020.06.01-13.29.50:922][  0]LogRHI:   GL_ARB_internalformat_query2
[2020.06.01-13.29.50:922][  0]LogRHI:   GL_ARB_invalidate_subdata
[2020.06.01-13.29.50:922][  0]LogRHI:   GL_ARB_map_buffer_alignment
[2020.06.01-13.29.50:922][  0]LogRHI:   GL_ARB_map_buffer_range
[2020.06.01-13.29.50:922][  0]LogRHI:   GL_ARB_multi_bind
[2020.06.01-13.29.50:922][  0]LogRHI:   GL_ARB_multi_draw_indirect
[2020.06.01-13.29.50:922][  0]LogRHI:   GL_ARB_occlusion_query2
[2020.06.01-13.29.50:922][  0]LogRHI:   GL_ARB_parallel_shader_compile
[2020.06.01-13.29.50:922][  0]LogRHI:   GL_ARB_pipeline_statistics_query
[2020.06.01-13.29.50:922][  0]LogRHI:   GL_ARB_pixel_buffer_object
[2020.06.01-13.29.50:922][  0]LogRHI:   GL_ARB_point_sprite
[2020.06.01-13.29.50:922][  0]LogRHI:   GL_ARB_polygon_offset_clamp
[2020.06.01-13.29.50:922][  0]LogRHI:   GL_ARB_post_depth_coverage
[2020.06.01-13.29.50:922][  0]LogRHI:   GL_ARB_program_interface_query
[2020.06.01-13.29.50:922][  0]LogRHI:   GL_ARB_provoking_vertex
[2020.06.01-13.29.50:922][  0]LogRHI:   GL_ARB_query_buffer_object
[2020.06.01-13.29.50:922][  0]LogRHI:   GL_ARB_robust_buffer_access_behavior
[2020.06.01-13.29.50:922][  0]LogRHI:   GL_ARB_robustness
[2020.06.01-13.29.50:922][  0]LogRHI:   GL_ARB_sample_shading
[2020.06.01-13.29.50:922][  0]LogRHI:   GL_ARB_sampler_objects
[2020.06.01-13.29.50:922][  0]LogRHI:   GL_ARB_seamless_cube_map
[2020.06.01-13.29.50:922][  0]LogRHI:   GL_ARB_seamless_cubemap_per_texture
[2020.06.01-13.29.50:922][  0]LogRHI:   GL_ARB_separate_shader_objects
[2020.06.01-13.29.50:922][  0]LogRHI:   GL_ARB_shader_atomic_counter_ops
[2020.06.01-13.29.50:922][  0]LogRHI:   GL_ARB_shader_atomic_counters
[2020.06.01-13.29.50:922][  0]LogRHI:   GL_ARB_shader_ballot
[2020.06.01-13.29.50:922][  0]LogRHI:   GL_ARB_shader_bit_encoding
[2020.06.01-13.29.50:922][  0]LogRHI:   GL_ARB_shader_clock
[2020.06.01-13.29.50:922][  0]LogRHI:   GL_ARB_shader_draw_parameters
[2020.06.01-13.29.50:922][  0]LogRHI:   GL_ARB_shader_group_vote
[2020.06.01-13.29.50:922][  0]LogRHI:   GL_ARB_shader_image_load_store
[2020.06.01-13.29.50:922][  0]LogRHI:   GL_ARB_shader_image_size
[2020.06.01-13.29.50:922][  0]LogRHI:   GL_ARB_shader_objects
[2020.06.01-13.29.50:922][  0]LogRHI:   GL_ARB_shader_precision
[2020.06.01-13.29.50:923][  0]LogRHI:   GL_ARB_shader_stencil_export
[2020.06.01-13.29.50:923][  0]LogRHI:   GL_ARB_shader_storage_buffer_object
[2020.06.01-13.29.50:923][  0]LogRHI:   GL_ARB_shader_subroutine
[2020.06.01-13.29.50:923][  0]LogRHI:   GL_ARB_shader_texture_image_samples
[2020.06.01-13.29.50:923][  0]LogRHI:   GL_ARB_shader_texture_lod
[2020.06.01-13.29.50:923][  0]LogRHI:   GL_ARB_shader_viewport_layer_array
[2020.06.01-13.29.50:923][  0]LogRHI:   GL_ARB_shading_language_420pack
[2020.06.01-13.29.50:923][  0]LogRHI:   GL_ARB_shading_language_include
[2020.06.01-13.29.50:923][  0]LogRHI:   GL_ARB_shading_language_packing
[2020.06.01-13.29.50:923][  0]LogRHI:   GL_ARB_spirv_extensions
[2020.06.01-13.29.50:923][  0]LogRHI:   GL_ARB_stencil_texturing
[2020.06.01-13.29.50:923][  0]LogRHI:   GL_ARB_sync
[2020.06.01-13.29.50:923][  0]LogRHI:   GL_ARB_tessellation_shader
[2020.06.01-13.29.50:923][  0]LogRHI:   GL_ARB_texture_barrier
[2020.06.01-13.29.50:923][  0]LogRHI:   GL_ARB_texture_buffer_object
[2020.06.01-13.29.50:923][  0]LogRHI:   GL_ARB_texture_buffer_object_rgb32
[2020.06.01-13.29.50:923][  0]LogRHI:   GL_ARB_texture_buffer_range
[2020.06.01-13.29.50:923][  0]LogRHI:   GL_ARB_texture_compression_bptc
[2020.06.01-13.29.50:923][  0]LogRHI:   GL_ARB_texture_compression_rgtc
[2020.06.01-13.29.50:923][  0]LogRHI:   GL_ARB_texture_cube_map_array
[2020.06.01-13.29.50:923][  0]LogRHI:   GL_ARB_texture_filter_anisotropic
[2020.06.01-13.29.50:923][  0]LogRHI:   GL_ARB_texture_float
[2020.06.01-13.29.50:923][  0]LogRHI:   GL_ARB_texture_gather
[2020.06.01-13.29.50:923][  0]LogRHI:   GL_ARB_texture_mirror_clamp_to_edge
[2020.06.01-13.29.50:923][  0]LogRHI:   GL_ARB_texture_multisample
[2020.06.01-13.29.50:923][  0]LogRHI:   GL_ARB_texture_non_power_of_two
[2020.06.01-13.29.50:923][  0]LogRHI:   GL_ARB_texture_query_levels
[2020.06.01-13.29.50:923][  0]LogRHI:   GL_ARB_texture_query_lod
[2020.06.01-13.29.50:923][  0]LogRHI:   GL_ARB_texture_rectangle
[2020.06.01-13.29.50:923][  0]LogRHI:   GL_ARB_texture_rg
[2020.06.01-13.29.50:923][  0]LogRHI:   GL_ARB_texture_rgb10_a2ui
[2020.06.01-13.29.50:923][  0]LogRHI:   GL_ARB_texture_stencil8
[2020.06.01-13.29.50:923][  0]LogRHI:   GL_ARB_texture_storage
[2020.06.01-13.29.50:923][  0]LogRHI:   GL_ARB_texture_storage_multisample
[2020.06.01-13.29.50:923][  0]LogRHI:   GL_ARB_texture_swizzle
[2020.06.01-13.29.50:923][  0]LogRHI:   GL_ARB_texture_view
[2020.06.01-13.29.50:923][  0]LogRHI:   GL_ARB_timer_query
[2020.06.01-13.29.50:923][  0]LogRHI:   GL_ARB_transform_feedback2
[2020.06.01-13.29.50:923][  0]LogRHI:   GL_ARB_transform_feedback3
[2020.06.01-13.29.50:923][  0]LogRHI:   GL_ARB_transform_feedback_instanced
[2020.06.01-13.29.50:923][  0]LogRHI:   GL_ARB_transform_feedback_overflow_query
[2020.06.01-13.29.50:923][  0]LogRHI:   GL_ARB_uniform_buffer_object
[2020.06.01-13.29.50:923][  0]LogRHI:   GL_ARB_vertex_array_bgra
[2020.06.01-13.29.50:923][  0]LogRHI:   GL_ARB_vertex_array_object
[2020.06.01-13.29.50:923][  0]LogRHI:   GL_ARB_vertex_attrib_64bit
[2020.06.01-13.29.50:923][  0]LogRHI:   GL_ARB_vertex_attrib_binding
[2020.06.01-13.29.50:923][  0]LogRHI:   GL_ARB_vertex_buffer_object
[2020.06.01-13.29.50:923][  0]LogRHI:   GL_ARB_vertex_shader
[2020.06.01-13.29.50:923][  0]LogRHI:   GL_ARB_vertex_type_10f_11f_11f_rev
[2020.06.01-13.29.50:923][  0]LogRHI:   GL_ARB_vertex_type_2_10_10_10_rev
[2020.06.01-13.29.50:923][  0]LogRHI:   GL_ARB_viewport_array
[2020.06.01-13.29.50:923][  0]LogRHI:   GL_ATI_blend_equation_separate
[2020.06.01-13.29.50:923][  0]LogRHI:   GL_ATI_texture_float
[2020.06.01-13.29.50:923][  0]LogRHI:   GL_EXT_EGL_image_storage
[2020.06.01-13.29.50:923][  0]LogRHI:   GL_EXT_EGL_sync
[2020.06.01-13.29.50:923][  0]LogRHI:   GL_EXT_abgr
[2020.06.01-13.29.50:923][  0]LogRHI:   GL_EXT_blend_equation_separate
[2020.06.01-13.29.50:923][  0]LogRHI:   GL_EXT_demote_to_helper_invocation
[2020.06.01-13.29.50:923][  0]LogRHI:   GL_EXT_draw_buffers2
[2020.06.01-13.29.50:923][  0]LogRHI:   GL_EXT_draw_instanced
[2020.06.01-13.29.50:923][  0]LogRHI:   GL_EXT_framebuffer_blit
[2020.06.01-13.29.50:923][  0]LogRHI:   GL_EXT_framebuffer_multisample
[2020.06.01-13.29.50:923][  0]LogRHI:   GL_EXT_framebuffer_multisample_blit_scaled
[2020.06.01-13.29.50:923][  0]LogRHI:   GL_EXT_framebuffer_object
[2020.06.01-13.29.50:923][  0]LogRHI:   GL_EXT_framebuffer_sRGB
[2020.06.01-13.29.50:923][  0]LogRHI:   GL_EXT_packed_depth_stencil
[2020.06.01-13.29.50:923][  0]LogRHI:   GL_EXT_packed_float
[2020.06.01-13.29.50:923][  0]LogRHI:   GL_EXT_pixel_buffer_object
[2020.06.01-13.29.50:923][  0]LogRHI:   GL_EXT_polygon_offset_clamp
[2020.06.01-13.29.50:923][  0]LogRHI:   GL_EXT_provoking_vertex
[2020.06.01-13.29.50:923][  0]LogRHI:   GL_EXT_shader_framebuffer_fetch
[2020.06.01-13.29.50:923][  0]LogRHI:   GL_EXT_shader_framebuffer_fetch_non_coherent
[2020.06.01-13.29.50:923][  0]LogRHI:   GL_EXT_shader_integer_mix
[2020.06.01-13.29.50:923][  0]LogRHI:   GL_EXT_shader_samples_identical
[2020.06.01-13.29.50:923][  0]LogRHI:   GL_EXT_texture_array
[2020.06.01-13.29.50:924][  0]LogRHI:   GL_EXT_texture_compression_dxt1
[2020.06.01-13.29.50:924][  0]LogRHI:   GL_EXT_texture_compression_rgtc
[2020.06.01-13.29.50:924][  0]LogRHI:   GL_EXT_texture_compression_s3tc
[2020.06.01-13.29.50:924][  0]LogRHI:   GL_EXT_texture_filter_anisotropic
[2020.06.01-13.29.50:924][  0]LogRHI:   GL_EXT_texture_integer
[2020.06.01-13.29.50:924][  0]LogRHI:   GL_EXT_texture_sRGB
[2020.06.01-13.29.50:924][  0]LogRHI:   GL_EXT_texture_sRGB_R8
[2020.06.01-13.29.50:924][  0]LogRHI:   GL_EXT_texture_sRGB_decode
[2020.06.01-13.29.50:924][  0]LogRHI:   GL_EXT_texture_shadow_lod
[2020.06.01-13.29.50:924][  0]LogRHI:   GL_EXT_texture_shared_exponent
[2020.06.01-13.29.50:924][  0]LogRHI:   GL_EXT_texture_snorm
[2020.06.01-13.29.50:924][  0]LogRHI:   GL_EXT_texture_swizzle
[2020.06.01-13.29.50:924][  0]LogRHI:   GL_EXT_timer_query
[2020.06.01-13.29.50:924][  0]LogRHI:   GL_EXT_transform_feedback
[2020.06.01-13.29.50:924][  0]LogRHI:   GL_EXT_vertex_array_bgra
[2020.06.01-13.29.50:924][  0]LogRHI:   GL_EXT_vertex_attrib_64bit
[2020.06.01-13.29.50:924][  0]LogRHI:   GL_IBM_multimode_draw_arrays
[2020.06.01-13.29.50:924][  0]LogRHI:   GL_INTEL_conservative_rasterization
[2020.06.01-13.29.50:924][  0]LogRHI:   GL_INTEL_performance_query
[2020.06.01-13.29.50:924][  0]LogRHI:   GL_INTEL_shader_atomic_float_minmax
[2020.06.01-13.29.50:924][  0]LogRHI:   GL_INTEL_shader_integer_functions2
[2020.06.01-13.29.50:924][  0]LogRHI:   GL_KHR_blend_equation_advanced
[2020.06.01-13.29.50:924][  0]LogRHI:   GL_KHR_blend_equation_advanced_coherent
[2020.06.01-13.29.50:924][  0]LogRHI:   GL_KHR_context_flush_control
[2020.06.01-13.29.50:924][  0]LogRHI:   GL_KHR_debug
[2020.06.01-13.29.50:924][  0]LogRHI:   GL_KHR_no_error
[2020.06.01-13.29.50:924][  0]LogRHI:   GL_KHR_parallel_shader_compile
[2020.06.01-13.29.50:924][  0]LogRHI:   GL_KHR_robust_buffer_access_behavior
[2020.06.01-13.29.50:924][  0]LogRHI:   GL_KHR_robustness
[2020.06.01-13.29.50:924][  0]LogRHI:   GL_KHR_texture_compression_astc_ldr
[2020.06.01-13.29.50:924][  0]LogRHI:   GL_KHR_texture_compression_astc_sliced_3d
[2020.06.01-13.29.50:924][  0]LogRHI:   GL_MESA_framebuffer_flip_y
[2020.06.01-13.29.50:924][  0]LogRHI:   GL_MESA_pack_invert
[2020.06.01-13.29.50:924][  0]LogRHI:   GL_MESA_shader_integer_functions
[2020.06.01-13.29.50:924][  0]LogRHI:   GL_MESA_texture_signed_rgba
[2020.06.01-13.29.50:924][  0]LogRHI:   GL_NV_compute_shader_derivatives
[2020.06.01-13.29.50:924][  0]LogRHI:   GL_NV_conditional_render
[2020.06.01-13.29.50:924][  0]LogRHI:   GL_NV_depth_clamp
[2020.06.01-13.29.50:924][  0]LogRHI:   GL_NV_fragment_shader_interlock
[2020.06.01-13.29.50:924][  0]LogRHI:   GL_NV_packed_depth_stencil
[2020.06.01-13.29.50:924][  0]LogRHI:   GL_NV_texture_barrier
[2020.06.01-13.29.50:924][  0]LogRHI:   GL_OES_EGL_image
[2020.06.01-13.29.50:924][  0]LogRHI:   GL_S3_s3tc
[2020.06.01-13.29.50:926][  0]LogRHI:   GL_MAX_TEXTURE_SIZE: 16384
[2020.06.01-13.29.50:926][  0]LogRHI:   GL_MAX_TEXTURE_BUFFER_SIZE: 134217728
[2020.06.01-13.29.50:926][  0]LogRHI:   GL_MAX_CUBE_MAP_TEXTURE_SIZE: 16384
[2020.06.01-13.29.50:926][  0]LogRHI:   GL_MAX_ARRAY_TEXTURE_LAYERS: 2048
[2020.06.01-13.29.50:926][  0]LogRHI:   GL_MAX_3D_TEXTURE_SIZE: 2048
[2020.06.01-13.29.50:926][  0]LogRHI:   GL_MAX_RENDERBUFFER_SIZE: 16384
[2020.06.01-13.29.50:926][  0]LogRHI:   GL_MAX_TEXTURE_IMAGE_UNITS: 32
[2020.06.01-13.29.50:926][  0]LogRHI:   GL_MAX_DRAW_BUFFERS: 8
[2020.06.01-13.29.50:926][  0]LogRHI:   GL_MAX_COLOR_ATTACHMENTS: 8
[2020.06.01-13.29.50:926][  0]LogRHI:   GL_MAX_SAMPLES: 16
[2020.06.01-13.29.50:926][  0]LogRHI:   GL_MAX_COLOR_TEXTURE_SAMPLES: 16
[2020.06.01-13.29.50:926][  0]LogRHI:   GL_MAX_DEPTH_TEXTURE_SAMPLES: 16
[2020.06.01-13.29.50:926][  0]LogRHI:   GL_MAX_INTEGER_SAMPLES: 16
[2020.06.01-13.29.50:926][  0]LogRHI:   GL_MAX_COMBINED_TEXTURE_IMAGE_UNITS: 192
[2020.06.01-13.29.50:926][  0]LogRHI:   GL_MAX_VERTEX_ATTRIBS: 16
[2020.06.01-13.29.50:926][  0]LogRHI:   GL_MAX_TEXTURE_MAX_ANISOTROPY_EXT: 16
[2020.06.01-13.29.50:926][  0]LogRHI: OpenGL MajorVersion = 4, MinorVersion = 6, ShaderPlatform = GLSL_430, FeatureLevel = SM5
[2020.06.01-13.29.50:926][  0]LogRHI: FOpenGLProgramBinaryCache disabled by r.ProgramBinaryCache.Enable=0
[2020.06.01-13.29.51:789][  0]LogTargetPlatformManager: Display: Loaded TargetPlatform 'Linux'
[2020.06.01-13.29.52:104][  0]LogTargetPlatformManager: Display: Loaded TargetPlatform 'LinuxNoEditor'
[2020.06.01-13.29.52:417][  0]LogTargetPlatformManager: Display: Loaded TargetPlatform 'LinuxClient'
[2020.06.01-13.29.52:731][  0]LogTargetPlatformManager: Display: Loaded TargetPlatform 'LinuxServer'
[2020.06.01-13.29.53:065][  0]LogTargetPlatformManager: Display: Loaded TargetPlatform 'Android'
[2020.06.01-13.29.53:065][  0]LogTargetPlatformManager: Display: Loaded TargetPlatform 'Android_ASTC'
[2020.06.01-13.29.53:065][  0]LogTargetPlatformManager: Display: Loaded TargetPlatform 'Android_DXT'
[2020.06.01-13.29.53:065][  0]LogTargetPlatformManager: Display: Loaded TargetPlatform 'Android_ETC2'
[2020.06.01-13.29.53:065][  0]LogTargetPlatformManager: Display: Loaded TargetPlatform 'AndroidClient'
[2020.06.01-13.29.53:065][  0]LogTargetPlatformManager: Display: Loaded TargetPlatform 'Android_ASTCClient'
[2020.06.01-13.29.53:065][  0]LogTargetPlatformManager: Display: Loaded TargetPlatform 'Android_DXTClient'
[2020.06.01-13.29.53:065][  0]LogTargetPlatformManager: Display: Loaded TargetPlatform 'Android_ETC2Client'
[2020.06.01-13.29.53:065][  0]LogTargetPlatformManager: Display: Loaded TargetPlatform 'Android_Multi'
[2020.06.01-13.29.53:065][  0]LogTargetPlatformManager: Display: Loaded TargetPlatform 'Android_MultiClient'
[2020.06.01-13.29.53:382][  0]LogTargetPlatformManager: Display: Loaded TargetPlatform 'LinuxAArch64NoEditor'
[2020.06.01-13.29.53:693][  0]LogTargetPlatformManager: Display: Loaded TargetPlatform 'LinuxAArch64Client'
[2020.06.01-13.29.54:005][  0]LogTargetPlatformManager: Display: Loaded TargetPlatform 'LinuxAArch64Server'
[2020.06.01-13.29.54:009][  0]LogTargetPlatformManager: Display: Building Assets For Linux
[2020.06.01-13.29.54:737][  0]LogShaderCompilers: Guid format shader working directory is 15 characters bigger than the processId version (../../../../2020APErkhembaatar/English20Time/Intermediate/Shaders/WorkingDirectory/1016/).
[2020.06.01-13.29.54:738][  0]LogShaderCompilers: Cleaned the shader compiler working directory '../../../../2020APErkhembaatar/English20Time/Intermediate/Shaders/tmp/B984C9A2F34C466EB52B58F1DDFA38EF/'.
[2020.06.01-13.29.54:738][  0]LogShaderCompilers: Display: Using Local Shader Compiler.
[2020.06.01-13.29.56:294][  0]LogDerivedDataCache: Display: Max Cache Size: 512 MB
[2020.06.01-13.29.57:786][  0]LogDerivedDataCache: Loaded boot cache 1.46s 89MB ../../../../2020APErkhembaatar/English20Time/DerivedDataCache/Boot.ddc.
[2020.06.01-13.29.57:787][  0]LogDerivedDataCache: Display: Loaded Boot cache: ../../../../2020APErkhembaatar/English20Time/DerivedDataCache/Boot.ddc
[2020.06.01-13.29.57:787][  0]LogDerivedDataCache: FDerivedDataBackendGraph:  Pak pak cache file ../../../../2020APErkhembaatar/English20Time/DerivedDataCache/DDC.ddp not found, will not use a pak cache.
[2020.06.01-13.29.57:787][  0]LogDerivedDataCache: Unable to find inner node Pak for hierarchical cache Hierarchy.
[2020.06.01-13.29.57:787][  0]LogDerivedDataCache: FDerivedDataBackendGraph:  EnginePak pak cache file ../../../Engine/DerivedDataCache/DDC.ddp not found, will not use a pak cache.
[2020.06.01-13.29.57:787][  0]LogDerivedDataCache: Unable to find inner node EnginePak for hierarchical cache Hierarchy.
[2020.06.01-13.29.57:788][  0]LogDerivedDataCache: Using Local data cache path ../../../Engine/DerivedDataCache: Writable
[2020.06.01-13.29.57:788][  0]LogDerivedDataCache: Shared data cache path not found in *engine.ini, will not use an Shared cache.
[2020.06.01-13.29.57:788][  0]LogDerivedDataCache: Unable to find inner node Shared for hierarchical cache Hierarchy.
[2020.06.01-13.29.57:827][  0]LogSlate: Using FreeType 2.10.0
[2020.06.01-13.29.57:827][  0]LogSlate: SlateFontServices - WITH_FREETYPE: 1, WITH_HARFBUZZ: 1
[2020.06.01-13.29.57:891][  0]LogAssetRegistry: FAssetRegistry took 0.0019 seconds to start up
[2020.06.01-13.29.58:166][  0]LogLinux: Selected Device Profile: [Linux]
[2020.06.01-13.30.00:072][  0]LogMeshReduction: Using QuadricMeshReduction for automatic static mesh reduction
[2020.06.01-13.30.00:072][  0]LogMeshReduction: Using SimplygonMeshReduction for automatic skeletal mesh reduction
[2020.06.01-13.30.00:072][  0]LogMeshReduction: No automatic mesh merging module available
[2020.06.01-13.30.00:072][  0]LogMeshReduction: No distributed automatic mesh merging module available
[2020.06.01-13.30.00:072][  0]LogMeshMerging: No automatic mesh merging module available
[2020.06.01-13.30.00:072][  0]LogMeshMerging: No distributed automatic mesh merging module available
[2020.06.01-13.30.00:466][  0]LogNetVersion: English20Time 1.0.0, NetCL: 0, EngineNetVer: 14, GameNetVer: 0 (Checksum: 1943715681)
[2020.06.01-13.30.02:182][  0]LogAISub: UAISubsystem AISubsystem (0x7fbb0257cf40), frame # 0
[2020.06.01-13.30.02:182][  0]LogAISub: UAISubsystem AIPerceptionSystem (0x7fbb02a63300), frame # 0
[2020.06.01-13.30.02:184][  0]LogAISub: UAISubsystem EnvQueryManager (0x7fbb02b61a00), frame # 0
[2020.06.01-13.30.02:247][  0]LogPackageLocalizationCache: Processed 19 localized package path(s) for 1 prioritized culture(s) in 0.059308 seconds
[2020.06.01-13.30.02:252][  0]LogUObjectArray: 15800 objects as part of root set at end of initial load.
[2020.06.01-13.30.02:252][  0]LogUObjectAllocator: 3941640 out of 0 bytes used by permanent object pool.
[2020.06.01-13.30.02:252][  0]LogUObjectArray: CloseDisregardForGC: 0/0 objects in disregard for GC pool
[2020.06.01-13.30.02:598][  0]LogHAL: Linux SourceCodeAccessSettings: NullSourceCodeAccessor
[2020.06.01-13.30.12:019][  0]LogTcpMessaging: Initializing TcpMessaging bridge
[2020.06.01-13.30.12:020][  0]LogUdpMessaging: Initializing bridge on interface 0.0.0.0:0 to multicast group 230.0.0.1:6666.
[2020.06.01-13.30.19:791][  0]LogAndroidPermission: UAndroidPermissionCallbackProxy::GetInstance
[2020.06.01-13.30.21:942][  0]LogAudioCaptureCore: Display: No Audio Capture implementations found. Audio input will be silent.
[2020.06.01-13.30.21:942][  0]LogAudioCaptureCore: Display: No Audio Capture implementations found. Audio input will be silent.
[2020.06.01-13.30.29:390][  0]SourceControl: Source control is disabled
[2020.06.01-13.30.29:390][  0]SourceControl: Source control is disabled
[2020.06.01-13.30.29:661][  0]SourceControl: Source control is disabled
[2020.06.01-13.30.30:451][  0]SourceControl: Source control is disabled
[2020.06.01-13.30.31:639][  0]SourceControl: Source control is disabled
[2020.06.01-13.30.36:206][  0]LogEngine: Initializing Engine...
[2020.06.01-13.30.36:239][  0]LogHMD: Failed to initialize OpenVR with code 110
[2020.06.01-13.30.36:240][  0]LogStats: UGameplayTagsManager::InitializeManager -  0.000 s
[2020.06.01-13.30.36:442][  0]LogInit: Initializing FReadOnlyCVARCache
[2020.06.01-13.30.37:639][  0]LogAIModule: Creating AISystem for world Untitled
[2020.06.01-13.30.37:639][  0]LogAISub: UAISubsystem EnvQueryManager (0x7fbae3434200), frame # 0
[2020.06.01-13.30.37:639][  0]LogAISub: UAISubsystem AIPerceptionSystem (0x7fbae33a36c0), frame # 0
[2020.06.01-13.30.37:644][  0]LogAudioMixer: Display: Audio Mixer Platform Settings:
[2020.06.01-13.30.37:644][  0]LogAudioMixer: Display: 	Sample Rate:						  48000
[2020.06.01-13.30.37:644][  0]LogAudioMixer: Display: 	Callback Buffer Frame Size Requested: 1024
[2020.06.01-13.30.37:644][  0]LogAudioMixer: Display: 	Callback Buffer Frame Size To Use:	  1024
[2020.06.01-13.30.37:644][  0]LogAudioMixer: Display: 	Number of buffers to queue:			  2
[2020.06.01-13.30.37:644][  0]LogAudioMixer: Display: 	Max Channels (voices):				  32
[2020.06.01-13.30.37:644][  0]LogAudioMixer: Display: 	Number of Async Source Workers:		  0
[2020.06.01-13.30.37:644][  0]LogAudio: Display: AudioDevice MaxSources: 32
[2020.06.01-13.30.37:645][  0]LogAudio: Display: Using built-in audio occlusion.
[2020.06.01-13.30.37:645][  0]LogAudioMixer: Display: Initializing audio mixer.
[2020.06.01-13.30.37:657][  0]LogAudioMixerSDL: Display: Initialized SDL using pulseaudio platform API backend.
[2020.06.01-13.30.37:714][  0]LogAudioMixerSDL: Opening default audio device (device index -1)
[2020.06.01-13.30.37:717][  0]LogAudioMixer: Display: Using Audio Device Default Audio Device
[2020.06.01-13.30.37:718][  0]LogAudioMixer: Display: Initializing Sound Submixes...
[2020.06.01-13.30.37:719][  0]LogAudioMixer: Display: Creating Master Submix 'MasterSubmixDefault'
[2020.06.01-13.30.37:719][  0]LogAudioMixer: Display: Creating Master Submix 'MasterReverbSubmixDefault'
[2020.06.01-13.30.37:720][  0]LogAudioMixer: Display: Creating Master Submix 'MasterEQSubmixDefault'
[2020.06.01-13.30.37:721][  0]LogInit: FAudioDevice initialized.
[2020.06.01-13.30.37:721][  0]LogNetVersion: Set ProjectVersion to 1.0.0.0. Version Checksum will be recalculated on next use.
[2020.06.01-13.30.37:845][  0]LogDerivedDataCache: Saved boot cache 0.12s 89MB ../../../../2020APErkhembaatar/English20Time/DerivedDataCache/Boot.ddc.
[2020.06.01-13.30.39:291][  0]LogInit: Texture streaming: Enabled
[2020.06.01-13.30.39:320][  0]LogEngineSessionManager: EngineSessionManager initialized
[2020.06.01-13.30.39:320][  0]LogEditorSessionSummary: Verbose: Initializing EditorSessionSummaryWriter for editor session tracking
[2020.06.01-13.30.39:322][  0]LogEditorSessionSummary: EditorSessionSummaryWriter initialized
[2020.06.01-13.30.40:567][  0]LogInit: Transaction tracking system initialized
[2020.06.01-13.30.42:612][  0]BlueprintLog: New page: Editor Load
[2020.06.01-13.30.48:120][  0]LocalizationService: Localization service is disabled
[2020.06.01-13.30.52:641][  0]LogFileCache: Scanning file cache for directory '/home/jc/2020APErkhembaatar/English20Time/Content/' took 0.01s
[2020.06.01-13.30.52:641][  0]LogCook: Display: Max memory allowance for cook 16384mb min free memory 0mb
[2020.06.01-13.30.52:641][  0]LogCook: Display: Mobile HDR setting 1
[2020.06.01-13.31.02:254][  0]SourceControl: Source control is disabled
[2020.06.01-13.31.02:287][  0]LogSlate: Took 0.000056 seconds to synchronously load lazily loaded font '../../../Engine/Content/Slate/Fonts/Roboto-Regular.ttf' (155K)
[2020.06.01-13.31.02:382][  0]LogRHI: Using OpenGL program LRU cache: 0
[2020.06.01-13.31.02:396][  0]LogLinux: Setting swap interval to 'Immediate'
[2020.06.01-13.31.11:232][  0]LogLinux: Setting swap interval to 'Immediate'
[2020.06.01-13.31.13:870][  0]LogSlate: Window 'Restore Packages' being destroyed
[2020.06.01-13.31.14:058][  0]LogLinux: Setting swap interval to 'Immediate'
[2020.06.01-13.31.16:148][  0]LogSlate: Window 'Unable to Check Out From Source Control!' being destroyed
[2020.06.01-13.31.16:154][  0]Message dialog closed, result: Ok, title: Unable to Check Out From Source Control!, text: The following assets could not be successfully checked out from source control:
/Game/NPCQuestion
[2020.06.01-13.31.16:256][  0]LogUnrealEdMisc: Loading editor; pre map load, took 95.319
[2020.06.01-13.31.16:261][  0]Cmd: MAP LOAD FILE="../../../Engine/Content/Maps/Templates/Template_Default.umap" TEMPLATE=1 SHOWPROGRESS=1 FEATURELEVEL=3
[2020.06.01-13.31.16:261][  0]LightingResults: New page: Lighting Build
[2020.06.01-13.31.16:465][  0]LogWorld: UWorld::CleanupWorld for Untitled, bSessionEnded=true, bCleanupResources=true
[2020.06.01-13.31.16:465][  0]LogSlate: InvalidateAllWidgets triggered.  All widgets were invalidated
[2020.06.01-13.31.16:466][  0]MapCheck: New page: Map Check
[2020.06.01-13.31.16:466][  0]LightingResults: New page: Lighting Build
[2020.06.01-13.31.16:472][  0]LogAISub: ~UAISubsystem EnvQueryManager (0x7fbae3434200), frame # 0
[2020.06.01-13.31.16:472][  0]LogAISub: ~UAISubsystem AIPerceptionSystem (0x7fbae33a36c0), frame # 0
[2020.06.01-13.31.16:473][  0]LogUObjectHash: Compacting FUObjectHashTables data took   0.84ms
[2020.06.01-13.31.16:748][  0]LogAIModule: Creating AISystem for world Untitled_1
[2020.06.01-13.31.16:748][  0]LogAISub: UAISubsystem EnvQueryManager (0x7fbb02b6de00), frame # 0
[2020.06.01-13.31.16:748][  0]LogAISub: UAISubsystem AIPerceptionSystem (0x7fbae4997680), frame # 0
[2020.06.01-13.31.16:752][  0]LogEditorServer: Finished looking for orphan Actors (0.000 secs)
[2020.06.01-13.31.16:760][  0]LogUObjectHash: Compacting FUObjectHashTables data took   1.01ms
[2020.06.01-13.31.16:764][  0]Cmd: MAP CHECKDEP NOCLEARLOG
[2020.06.01-13.31.16:765][  0]MapCheck: Map check complete: 0 Error(s), 0 Warning(s), took 0.499ms to complete.
[2020.06.01-13.31.16:765][  0]LogFileHelpers: Loading map 'Template_Default' took 0.504
[2020.06.01-13.31.16:767][  0]LogUnrealEdMisc: Total Editor Startup Time, took 95.830
[2020.06.01-13.31.17:153][  0]LogSlate: Updating window title bar state: overlay mode, drag disabled, window buttons hidden, title bar hidden
[2020.06.01-13.31.17:169][  0]LogSlate: Updating window title bar state: overlay mode, drag disabled, window buttons hidden, title bar hidden
[2020.06.01-13.31.17:178][  0]LogSlate: Updating window title bar state: overlay mode, drag disabled, window buttons hidden, title bar hidden
[2020.06.01-13.31.17:185][  0]LogSlate: Updating window title bar state: overlay mode, drag disabled, window buttons hidden, title bar hidden
[2020.06.01-13.31.17:312][  0]LogCollectionManager: Loaded 0 collections in 0.057967 seconds
[2020.06.01-13.31.17:445][  0]LogFileCache: Scanning file cache for directory '/home/jc/2020APErkhembaatar/English20Time/Saved/Collections/' took 0.00s
[2020.06.01-13.31.17:445][  0]LogFileCache: Scanning file cache for directory '/home/jc/2020APErkhembaatar/English20Time/Content/Developers/jc/Collections/' took 0.00s
[2020.06.01-13.31.17:445][  0]LogFileCache: Scanning file cache for directory '/home/jc/2020APErkhembaatar/English20Time/Content/Collections/' took 0.00s
[2020.06.01-13.31.17:445][  0]LogContentBrowser: Native class hierarchy populated in 0.0311 seconds. Added 3378 classes and 770 folders.
[2020.06.01-13.31.18:008][  0]LogContentBrowser: Native class hierarchy updated for 'WidgetCarousel' in 0.0003 seconds. Added 0 classes and 0 folders.
[2020.06.01-13.31.21:191][  0]LogContentBrowser: Native class hierarchy updated for 'AddContentDialog' in 0.0012 seconds. Added 0 classes and 0 folders.
[2020.06.01-13.31.21:498][  0]LogContentBrowser: Native class hierarchy updated for 'SceneOutliner' in 0.0003 seconds. Added 2 classes and 3 folders.
[2020.06.01-13.31.22:147][  0]LogContentBrowser: Native class hierarchy updated for 'HierarchicalLODOutliner' in 0.0003 seconds. Added 0 classes and 0 folders.
[2020.06.01-13.31.22:147][  0]LogLoad: (Engine Initialization) Total time: 101.21 seconds
[2020.06.01-13.31.22:147][  0]LogLoad: (Engine Initialization) Total Blueprint compile time: 0.00 seconds
[2020.06.01-13.31.22:159][  0]LogSlate: Took 0.000068 seconds to synchronously load lazily loaded font '../../../Engine/Content/Slate/Fonts/Roboto-Bold.ttf' (160K)
[2020.06.01-13.31.22:178][  0]LogSlate: Took 0.012741 seconds to synchronously load lazily loaded font '../../../Engine/Content/Editor/Slate/Fonts/FontAwesome.ttf' (139K)
[2020.06.01-13.31.23:501][  0]LogRenderer: Reallocating scene render targets to support 972x640 Format 10 NumSamples 1 (Frame:1).
[2020.06.01-13.31.25:711][  0]LogLinux: Setting swap interval to 'Immediate'
[2020.06.01-13.31.25:746][  0]LogAssetRegistry: Asset discovery search completed in 87.8559 seconds
[2020.06.01-13.31.25:755][  0]LogCollectionManager: Fixed up redirectors for 0 collections in 0.000001 seconds (updated 0 objects)
[2020.06.01-13.31.25:759][  0]LogContentStreaming: Texture pool size now 1000 MB
[2020.06.01-13.31.25:785][  0]LogSlate: Took 0.016757 seconds to synchronously load lazily loaded font '../../../Engine/Content/Slate/Fonts/Roboto-Light.ttf' (167K)
[2020.06.01-13.31.30:847][117]LogTemp: Repeating last play command: Selected Viewport
[2020.06.01-13.31.30:863][117]LogPlayLevel: PlayLevel: No blueprints needed recompiling
[2020.06.01-13.31.30:864][117]PIE: New page: PIE session: Untitled_1 (Jun 2, 2020, 5:31:30 AM)
[2020.06.01-13.31.30:864][117]LogOnline: OSS: Creating online subsystem instance for: NULL
[2020.06.01-13.31.30:864][117]LogOnline: OSS: TryLoadSubsystemAndSetDefault: Loaded subsystem for module [NULL]
[2020.06.01-13.31.30:864][117]LogPlayLevel: Creating play world package: /Temp/UEDPIE_0_Untitled_1
[2020.06.01-13.31.30:867][117]LogPlayLevel: PIE: StaticDuplicateObject took: (0.002704s)
[2020.06.01-13.31.30:867][117]LogAIModule: Creating AISystem for world Untitled_1
[2020.06.01-13.31.30:867][117]LogAISub: UAISubsystem EnvQueryManager (0x7fbae5e89000), frame # 117
[2020.06.01-13.31.30:867][117]LogAISub: UAISubsystem AIPerceptionSystem (0x7fbb00c07400), frame # 117
[2020.06.01-13.31.30:868][117]LogPlayLevel: PIE: World Init took: (0.000717s)
[2020.06.01-13.31.30:868][117]LogPlayLevel: PIE: Created PIE world by copying editor world from /Temp/Untitled_1.Untitled_1 to /Temp/UEDPIE_0_Untitled_1.Untitled_1 (0.003559s)
[2020.06.01-13.31.30:874][117]LogUObjectHash: Compacting FUObjectHashTables data took   0.77ms
[2020.06.01-13.31.30:877][117]LogAudioMixer: Display: Audio Mixer Platform Settings:
[2020.06.01-13.31.30:877][117]LogAudioMixer: Display: 	Sample Rate:						  48000
[2020.06.01-13.31.30:877][117]LogAudioMixer: Display: 	Callback Buffer Frame Size Requested: 1024
[2020.06.01-13.31.30:877][117]LogAudioMixer: Display: 	Callback Buffer Frame Size To Use:	  1024
[2020.06.01-13.31.30:877][117]LogAudioMixer: Display: 	Number of buffers to queue:			  2
[2020.06.01-13.31.30:877][117]LogAudioMixer: Display: 	Max Channels (voices):				  32
[2020.06.01-13.31.30:877][117]LogAudioMixer: Display: 	Number of Async Source Workers:		  0
[2020.06.01-13.31.30:877][117]LogAudio: Display: AudioDevice MaxSources: 32
[2020.06.01-13.31.30:878][117]LogAudio: Display: Using built-in audio occlusion.
[2020.06.01-13.31.30:878][117]LogAudioMixer: Display: Initializing audio mixer.
[2020.06.01-13.31.30:878][117]LogAudioMixerSDL: Display: Initialized SDL using pulseaudio platform API backend.
[2020.06.01-13.31.30:942][117]LogAudioMixerSDL: Opening default audio device (device index -1)
[2020.06.01-13.31.30:945][117]LogAudioMixer: Display: Using Audio Device Default Audio Device
[2020.06.01-13.31.30:945][117]LogAudioMixer: Display: Initializing Sound Submixes...
[2020.06.01-13.31.30:945][117]LogAudioMixer: Display: Creating Master Submix 'MasterSubmixDefault'
[2020.06.01-13.31.30:945][117]LogAudioMixer: Display: Creating Master Submix 'MasterReverbSubmixDefault'
[2020.06.01-13.31.30:948][117]LogAudioMixer: Display: Creating Master Submix 'MasterEQSubmixDefault'
[2020.06.01-13.31.30:949][117]LogInit: FAudioDevice initialized.
[2020.06.01-13.31.31:008][117]LogLoad: Game class is 'NewGameMode_C'
[2020.06.01-13.31.31:014][117]LogWorld: Bringing World /Temp/UEDPIE_0_Untitled_1.Untitled_1 up for play (max tick rate 0) at 2020.06.01-21.31.31
[2020.06.01-13.31.31:015][117]LogWorld: Bringing up level for play took: 0.002821
[2020.06.01-13.31.31:016][117]LogOnline: OSS: Creating online subsystem instance for: :Context_1
[2020.06.01-13.31.31:513][117]LogContentBrowser: Native class hierarchy updated for 'MovieSceneCapture' in 0.0004 seconds. Added 20 classes and 0 folders.
[2020.06.01-13.31.32:230][117]LogCore: === Critical error: ===
Unhandled Exception: SIGSEGV: invalid attempt to read memory at address 0x0000000000000018

[2020.06.01-13.31.32:230][117]LogCore: Fatal error!

0x00007fbaf8cc828b libUE4Editor-English20Time-2054.so!AMyCharacter::CheckRay() [/home/jc/2020APErkhembaatar/English20Time/Source/English20Time/MyCharacter.cpp:62]
0x00007fbb806dc0dc libUE4Editor-Engine.so!AActor::DispatchBeginPlay(bool) [/home/jc/UnrealEngine/Engine/Source/Runtime/Engine/Private/Actor.cpp:3395]
0x00007fbb81ca8325 libUE4Editor-Engine.so!AWorldSettings::NotifyBeginPlay() [/home/jc/UnrealEngine/Engine/Source/Runtime/Engine/Private/WorldSettings.cpp:246]
0x00007fbb80ea5dbc libUE4Editor-Engine.so!AGameStateBase::HandleBeginPlay() [/home/jc/UnrealEngine/Engine/Source/Runtime/Engine/Private/GameStateBase.cpp:204]
0x00007fbb81c65779 libUE4Editor-Engine.so!UWorld::BeginPlay() [/home/jc/UnrealEngine/Engine/Source/Runtime/Engine/Private/World.cpp:4183]
0x00007fbb80e80968 libUE4Editor-Engine.so!UGameInstance::StartPlayInEditorGameInstance(ULocalPlayer*, FGameInstancePIEParameters const&) [/home/jc/UnrealEngine/Engine/Source/Runtime/Engine/Private/GameInstance.cpp:478]
0x00007fbb7c530e1a libUE4Editor-UnrealEd.so!UEditorEngine::CreateInnerProcessPIEGameInstance(FRequestPlaySessionParams&, FGameInstancePIEParameters const&, int) [/home/jc/UnrealEngine/Engine/Source/Editor/UnrealEd/Private/PlayLevel.cpp:2793]
0x00007fbb7c52800a libUE4Editor-UnrealEd.so!UEditorEngine::OnLoginPIEComplete_Deferred(int, bool, FString, FPieLoginStruct) [/home/jc/UnrealEngine/Engine/Source/Editor/UnrealEd/Private/PlayLevel.cpp:1471]
0x00007fbb7c529c94 libUE4Editor-UnrealEd.so!UEditorEngine::CreateNewPlayInEditorInstance(FRequestPlaySessionParams&, bool, EPlayNetMode) [/home/jc/UnrealEngine/Engine/Source/Editor/UnrealEd/Private/PlayLevel.cpp:1703]
0x00007fbb7c52df73 libUE4Editor-UnrealEd.so!UEditorEngine::StartPlayInEditorSession(FRequestPlaySessionParams&) [/home/jc/UnrealEngine/Engine/Source/Editor/UnrealEd/Private/PlayLevel.cpp:2575]
0x00007fbb7c525758 libUE4Editor-UnrealEd.so!UEditorEngine::StartQueuedPlaySessionRequestImpl() [/home/jc/UnrealEngine/Engine/Source/Editor/UnrealEd/Private/PlayLevel.cpp:1076]
0x00007fbb7c5252a6 libUE4Editor-UnrealEd.so!UEditorEngine::StartQueuedPlaySessionRequest() [/home/jc/UnrealEngine/Engine/Source/Editor/UnrealEd/Private/PlayLevel.cpp:1012]
0x00007fbb7be68967 libUE4Editor-UnrealEd.so!UEditorEngine::Tick(float, bool) [/home/jc/UnrealEngine/Engine/Source/Editor/UnrealEd/Private/EditorEngine.cpp:1610]
0x00007fbb7c923ee2 libUE4Editor-UnrealEd.so!UUnrealEdEngine::Tick(float, bool) [/home/jc/UnrealEngine/Engine/Source/Editor/UnrealEd/Private/UnrealEdEngine.cpp:411]
0x0000000000263a23 UE4Editor!FEngineLoop::Tick() [/home/jc/UnrealEngine/Engine/Source/Runtime/Launch/Private/LaunchEngineLoop.cpp:4844]
0x000000000026f563 UE4Editor!GuardedMain(char16_t const*) [/home/jc/UnrealEngine/Engine/Source/Runtime/Launch/Private/Launch.cpp:171]
0x00007fbb7a8e3b5b libUE4Editor-UnixCommonStartup.so!CommonUnixMain(int, char**, int (*)(char16_t const*), void (*)()) [/home/jc/UnrealEngine/Engine/Source/Runtime/Unix/UnixCommonStartup/Private/UnixCommonStartup.cpp:264]
0x00007fbb7a735002 libc.so.6!__libc_start_main(+0xf1)
0x000000000025d029 UE4Editor!_start()

[2020.06.01-13.31.32:287][117]LogExit: Executing StaticShutdownAfterError
